ℹ️ [INFO] [AnalyticsManager] Initialized Analytics Manager - AnalyticsManager.swift:25 in init()
ℹ️ [INFO] [FirebaseAnalyticsProvider] Initialized Firebase Analytics Provider (Stub) - FirebaseAnalyticsProvider.swift:16 in init()
ℹ️ [INFO] [AnalyticsManager] Registered analytics provider: FirebaseAnalyticsProvider - AnalyticsManager.swift:32 in registerProvider(_:)
ℹ️ [INFO] [PerformanceAnalyticsService] Initialized Performance Analytics Service - PerformanceAnalyticsService.swift:16 in init()
ℹ️ [INFO] [UserAnalyticsService] Initialized User Analytics Service - UserAnalyticsService.swift:16 in init()
ℹ️ Performance tracking system initialized. Use the hammer icon in navigation bar to toggle performance warnings.
load_eligibility_plist: Failed to open /Users/sunil/Library/Developer/CoreSimulator/Devices/E4911613-29A0-47BE-9BAB-748CCF7E9BB7/data/Containers/Data/Application/12A13825-91C3-4B05-805E-08237527C1B9/private/var/db/eligibilityd/eligibility.plist: No such file or directory(2)
DIContainer: Creating WebUploadCoordinator with base URL: https://payslipmax.com/api
DeepLinkCoordinator initialized
DataPersistenceService: Successfully loaded 0 uploads
DataPersistenceService: Saving uploads to /Users/sunil/Library/Developer/CoreSimulator/Devices/E4911613-29A0-47BE-9BAB-748CCF7E9BB7/data/Containers/Data/Application/12A13825-91C3-4B05-805E-08237527C1B9/Documents/WebUploads/uploads.json
DataPersistenceService: Successfully saved 0 uploads
UploadManagementService: Checking for pending uploads from server
DeviceRegistrationService: Attempting to register device
DeviceRegistrationService: Registering device at endpoint: https://payslipmax.com/api/devices/register
✅ Async security coordinator initialized successfully
✅ Async security services configured successfully
Test Suite 'Selected tests' started at 2025-07-20 10:56:42.734.
Test Suite 'PayslipMaxTests.xctest' started at 2025-07-20 10:56:42.735.
Test Suite 'PDFProcessingServiceTests' started at 2025-07-20 10:56:42.735.
Test Case '-[PayslipMaxTests.PDFProcessingServiceTests testDataValidationWithInvalidValues]' started.
[PDFProcessingService] Processing PDF of size: 4 bytes
[ValidationStep] Invalid PDF structure
[ValidationStep] Completed in 2.09808349609375e-05 seconds
[ModularPipeline] Total pipeline execution time: 0.006183981895446777 seconds
Test Case '-[PayslipMaxTests.PDFProcessingServiceTests testDataValidationWithInvalidValues]' passed (0.076 seconds).
Test Case '-[PayslipMaxTests.PDFProcessingServiceTests testDataValidationWithMissingRequiredFields]' started.
[PDFProcessingService] Processing PDF of size: 8 bytes
[ValidationStep] Invalid PDF structure
[ValidationStep] Completed in 7.033348083496094e-06 seconds
[ModularPipeline] Total pipeline execution time: 4.494190216064453e-05 seconds
Test Case '-[PayslipMaxTests.PDFProcessingServiceTests testDataValidationWithMissingRequiredFields]' passed (0.004 seconds).
Test Case '-[PayslipMaxTests.PDFProcessingServiceTests testFormatDetectionWithEmptyPDF]' started.
[PDFProcessingService] Processing PDF of size: 0 bytes
[ValidationStep] Invalid PDF structure
[ValidationStep] Completed in 5.0067901611328125e-06 seconds
[ModularPipeline] Total pipeline execution time: 4.100799560546875e-05 seconds
Test Case '-[PayslipMaxTests.PDFProcessingServiceTests testFormatDetectionWithEmptyPDF]' passed (0.081 seconds).
Test Case '-[PayslipMaxTests.PDFProcessingServiceTests testFormatDetectionWithInvalidPDF]' started.
[PDFProcessingService] Processing PDF of size: 32 bytes
[ValidationStep] Invalid PDF structure
[ValidationStep] Completed in 7.033348083496094e-06 seconds
[ModularPipeline] Total pipeline execution time: 0.00024497509002685547 seconds
Test Case '-[PayslipMaxTests.PDFProcessingServiceTests testFormatDetectionWithInvalidPDF]' passed (0.002 seconds).
Test Case '-[PayslipMaxTests.PDFProcessingServiceTests testFormatDetectionWithUnknownFormat]' started.
Test Case '-[PayslipMaxTests.PDFProcessingServiceTests testFormatDetectionWithUnknownFormat]' passed (0.001 seconds).
Test Case '-[PayslipMaxTests.PDFProcessingServiceTests testInitialization]' started.
Test Case '-[PayslipMaxTests.PDFProcessingServiceTests testInitialization]' passed (0.008 seconds).
Test Case '-[PayslipMaxTests.PDFProcessingServiceTests testIsPasswordProtected]' started.
Test Case '-[PayslipMaxTests.PDFProcessingServiceTests testIsPasswordProtected]' passed (0.001 seconds).
Test Case '-[PayslipMaxTests.PDFProcessingServiceTests testProcessPDFDataWithFailure]' started.
[PDFProcessingService] Processing PDF of size: 4 bytes
[ValidationStep] Invalid PDF structure
[ValidationStep] Completed in 5.0067901611328125e-06 seconds
[ModularPipeline] Total pipeline execution time: 3.4928321838378906e-05 seconds
Test Case '-[PayslipMaxTests.PDFProcessingServiceTests testProcessPDFDataWithFailure]' passed (0.080 seconds).
Test Case '-[PayslipMaxTests.PDFProcessingServiceTests testProcessPDFFromURL]' started.
[PDFProcessingService] Processing PDF file from URL: file:///tmp/test.pdf
[ValidationStep] Completed in 9.5367431640625e-07 seconds
DeviceRegistrationService: Client error 400: {"status":"error","message":"Access denied for user 'u795274726_payslipmax_usr'@'localhost' (using password: YES)"}
DeviceRegistrationService: Other error during registration: Error Domain=WebUploadErrorDomain Code=400 "Registration failed: {"status":"error","message":"Access denied for user 'u795274726_payslipmax_usr'@'localhost' (using password: YES)"}" UserInfo={NSLocalizedDescription=Registration failed: {"status":"error","message":"Access denied for user 'u795274726_payslipmax_usr'@'localhost' (using password: YES)"}}
UploadManagementService: Failed to get device token or check for pending uploads: Error Domain=WebUploadErrorDomain Code=400 "Registration failed: {"status":"error","message":"Access denied for user 'u795274726_payslipmax_usr'@'localhost' (using password: YES)"}" UserInfo={NSLocalizedDescription=Registration failed: {"status":"error","message":"Access denied for user 'u795274726_payslipmax_usr'@'localhost' (using password: YES)"}}
/Users/sunil/Desktop/PayslipMax/PayslipMaxTests/Services/PDFProcessingServiceTests.swift:67: error: -[PayslipMaxTests.PDFProcessingServiceTests testProcessPDFFromURL] : XCTAssertEqual failed: ("0") is not equal to ("1") - Process should be called
Test Case '-[PayslipMaxTests.PDFProcessingServiceTests testProcessPDFFromURL]' failed (0.311 seconds).
Test Case '-[PayslipMaxTests.PDFProcessingServiceTests testProcessPDFFromURLWithNonExistentFile]' started.
[PDFProcessingService] Processing PDF file from URL: file:///nonexistent/test.pdf
[PDFProcessingService] Error loading PDF file: processingFailed
/Users/sunil/Desktop/PayslipMax/PayslipMaxTests/Services/PDFProcessingServiceTests.swift:85: error: -[PayslipMaxTests.PDFProcessingServiceTests testProcessPDFFromURLWithNonExistentFile] : XCTAssertEqual failed: ("0") is not equal to ("1") - Process should be called
Test Case '-[PayslipMaxTests.PDFProcessingServiceTests testProcessPDFFromURLWithNonExistentFile]' failed (0.014 seconds).
Test Case '-[PayslipMaxTests.PDFProcessingServiceTests testProcessPDFWithCorruptedData]' started.
[PDFProcessingService] Processing PDF of size: 18 bytes
[ValidationStep] Invalid PDF structure
[ValidationStep] Completed in 3.933906555175781e-06 seconds
[ModularPipeline] Total pipeline execution time: 5.1021575927734375e-05 seconds
Test Case '-[PayslipMaxTests.PDFProcessingServiceTests testProcessPDFWithCorruptedData]' passed (0.001 seconds).
Test Case '-[PayslipMaxTests.PDFProcessingServiceTests testProcessPDFWithEmptyData]' started.
[PDFProcessingService] Processing PDF of size: 0 bytes
[ValidationStep] Invalid PDF structure
[ValidationStep] Completed in 1.0967254638671875e-05 seconds
[ModularPipeline] Total pipeline execution time: 0.0001220703125 seconds
Test Case '-[PayslipMaxTests.PDFProcessingServiceTests testProcessPDFWithEmptyData]' passed (0.012 seconds).
Test Case '-[PayslipMaxTests.PDFProcessingServiceTests testUnlockPDF]' started.
Test Case '-[PayslipMaxTests.PDFProcessingServiceTests testUnlockPDF]' passed (0.001 seconds).
Test Case '-[PayslipMaxTests.PDFProcessingServiceTests testUnlockPDFWithIncorrectPassword]' started.
[PDFProcessingService] Error unlocking PDF: unlockFailed
Test Case '-[PayslipMaxTests.PDFProcessingServiceTests testUnlockPDFWithIncorrectPassword]' passed (0.001 seconds).
Test Suite 'PDFProcessingServiceTests' failed at 2025-07-20 10:56:43.331.
	 Executed 14 tests, with 2 failures (0 unexpected) in 0.593 (0.596) seconds
Test Suite 'PayslipMaxTests.xctest' failed at 2025-07-20 10:56:43.332.
	 Executed 14 tests, with 2 failures (0 unexpected) in 0.593 (0.597) seconds
Test Suite 'Selected tests' failed at 2025-07-20 10:56:43.332.
	 Executed 14 tests, with 2 failures (0 unexpected) in 0.593 (0.598) seconds