Command line invocation:
    /Applications/Xcode.app/Contents/Developer/usr/bin/xcodebuild test -project PayslipMax.xcodeproj -scheme PayslipMax -destination "platform=iOS Simulator,name=iPhone 16" "-only-testing:PayslipMaxUITests/ClearDataFlowTests/testClearDataFlow_HomeToSettingsToClear_EnsuresDataConsistency"

ComputePackagePrebuildTargetDependencyGraph

Prepare packages

CreateBuildRequest

SendProjectDescription

CreateBuildOperation

ComputeTargetDependencyGraph
note: Building targets in dependency order
note: Target dependency graph (3 targets)
    Target 'PayslipMaxTests' in project 'PayslipMax'
        ➜ Explicit dependency on target 'PayslipMax' in project 'PayslipMax'
    Target 'PayslipMaxUITests' in project 'PayslipMax'
        ➜ Explicit dependency on target 'PayslipMax' in project 'PayslipMax'
    Target 'PayslipMax' in project 'PayslipMax' (no dependencies)

GatherProvisioningInputs

CreateBuildDescription

ExecuteExternalTool /Applications/Xcode.app/Contents/Developer/Toolchains/XcodeDefault.xctoolchain/usr/bin/clang -v -E -dM -isysroot /Applications/Xcode.app/Contents/Developer/Platforms/iPhoneSimulator.platform/Developer/SDKs/iPhoneSimulator26.1.sdk -x c -c /dev/null

ExecuteExternalTool /Applications/Xcode.app/Contents/Developer/Toolchains/XcodeDefault.xctoolchain/usr/bin/swiftc --version

ExecuteExternalTool /Applications/Xcode.app/Contents/Developer/usr/bin/actool --print-asset-tag-combinations --output-format xml1 /Users/sunil/Downloads/PayslipMax/PayslipMax/Preview Content/Preview Assets.xcassets /Users/sunil/Downloads/PayslipMax/PayslipMax/Assets.xcassets

ExecuteExternalTool /Applications/Xcode.app/Contents/Developer/usr/bin/actool --version --output-format xml1

ExecuteExternalTool /Applications/Xcode.app/Contents/Developer/Toolchains/XcodeDefault.xctoolchain/usr/bin/ld -version_details

ReadFileContents /Applications/Xcode.app/Contents/Developer/Toolchains/XcodeDefault.xctoolchain/usr/share/docc/features.json

Build description signature: 69ac60bd3afaf7cb9a4fc745c153af1c
Build description path: /Users/sunil/Library/Developer/Xcode/DerivedData/PayslipMax-hjysiekmgzmtrogwzfdzyahpkkxl/Build/Intermediates.noindex/XCBuildData/69ac60bd3afaf7cb9a4fc745c153af1c.xcbuilddata
ClangStatCache /Applications/Xcode.app/Contents/Developer/Toolchains/XcodeDefault.xctoolchain/usr/bin/clang-stat-cache /Applications/Xcode.app/Contents/Developer/Platforms/iPhoneSimulator.platform/Developer/SDKs/iPhoneSimulator26.1.sdk /Users/sunil/Library/Developer/Xcode/DerivedData/SDKStatCaches.noindex/iphonesimulator26.1-23B77-90cf18a4295e390e64c810bc6bd7acbc.sdkstatcache
    cd /Users/sunil/Downloads/PayslipMax/PayslipMax.xcodeproj
    /Applications/Xcode.app/Contents/Developer/Toolchains/XcodeDefault.xctoolchain/usr/bin/clang-stat-cache /Applications/Xcode.app/Contents/Developer/Platforms/iPhoneSimulator.platform/Developer/SDKs/iPhoneSimulator26.1.sdk -o /Users/sunil/Library/Developer/Xcode/DerivedData/SDKStatCaches.noindex/iphonesimulator26.1-23B77-90cf18a4295e390e64c810bc6bd7acbc.sdkstatcache

SwiftDriver PayslipMaxUITests normal arm64 com.apple.xcode.tools.swift.compiler (in target 'PayslipMaxUITests' from project 'PayslipMax')
    cd /Users/sunil/Downloads/PayslipMax
    builtin-SwiftDriver -- /Applications/Xcode.app/Contents/Developer/Toolchains/XcodeDefault.xctoolchain/usr/bin/swiftc -module-name PayslipMaxUITests -Onone -enforce-exclusivity\=checked @/Users/sunil/Library/Developer/Xcode/DerivedData/PayslipMax-hjysiekmgzmtrogwzfdzyahpkkxl/Build/Intermediates.noindex/PayslipMax.build/Debug-iphonesimulator/PayslipMaxUITests.build/Objects-normal/arm64/PayslipMaxUITests.SwiftFileList -DDEBUG -module-alias Testing\=_Testing_Unavailable -plugin-path /Applications/Xcode.app/Contents/Developer/Toolchains/XcodeDefault.xctoolchain/usr/lib/swift/host/plugins/testing -enable-bare-slash-regex -enable-experimental-feature DebugDescriptionMacro -sdk /Applications/Xcode.app/Contents/Developer/Platforms/iPhoneSimulator.platform/Developer/SDKs/iPhoneSimulator26.1.sdk -target arm64-apple-ios18.2-simulator -g -module-cache-path /Users/sunil/Library/Developer/Xcode/DerivedData/ModuleCache.noindex -Xfrontend -serialize-debugging-options -profile-coverage-mapping -profile-generate -enable-testing -index-store-path /Users/sunil/Library/Developer/Xcode/DerivedData/PayslipMax-hjysiekmgzmtrogwzfdzyahpkkxl/Index.noindex/DataStore -Xcc -D_LIBCPP_HARDENING_MODE\=_LIBCPP_HARDENING_MODE_DEBUG -swift-version 5 -I /Users/sunil/Library/Developer/Xcode/DerivedData/PayslipMax-hjysiekmgzmtrogwzfdzyahpkkxl/Build/Products/Debug-iphonesimulator -Isystem /Applications/Xcode.app/Contents/Developer/Platforms/iPhoneSimulator.platform/Developer/usr/lib -F /Users/sunil/Library/Developer/Xcode/DerivedData/PayslipMax-hjysiekmgzmtrogwzfdzyahpkkxl/Build/Products/Debug-iphonesimulator -F /Applications/Xcode.app/Contents/Developer/Platforms/iPhoneSimulator.platform/Developer/Library/Frameworks -F /Applications/Xcode.app/Contents/Developer/Platforms/iPhoneSimulator.platform/Developer/SDKs/iPhoneSimulator26.1.sdk/Developer/Library/Frameworks -c -j10 -enable-batch-mode -incremental -Xcc -ivfsstatcache -Xcc /Users/sunil/Library/Developer/Xcode/DerivedData/SDKStatCaches.noindex/iphonesimulator26.1-23B77-90cf18a4295e390e64c810bc6bd7acbc.sdkstatcache -output-file-map /Users/sunil/Library/Developer/Xcode/DerivedData/PayslipMax-hjysiekmgzmtrogwzfdzyahpkkxl/Build/Intermediates.noindex/PayslipMax.build/Debug-iphonesimulator/PayslipMaxUITests.build/Objects-normal/arm64/PayslipMaxUITests-OutputFileMap.json -use-frontend-parseable-output -save-temps -no-color-diagnostics -explicit-module-build -module-cache-path /Users/sunil/Library/Developer/Xcode/DerivedData/PayslipMax-hjysiekmgzmtrogwzfdzyahpkkxl/Build/Intermediates.noindex/SwiftExplicitPrecompiledModules -clang-scanner-module-cache-path /Users/sunil/Library/Developer/Xcode/DerivedData/ModuleCache.noindex -sdk-module-cache-path /Users/sunil/Library/Developer/Xcode/DerivedData/ModuleCache.noindex -serialize-diagnostics -emit-dependencies -emit-module -emit-module-path /Users/sunil/Library/Developer/Xcode/DerivedData/PayslipMax-hjysiekmgzmtrogwzfdzyahpkkxl/Build/Intermediates.noindex/PayslipMax.build/Debug-iphonesimulator/PayslipMaxUITests.build/Objects-normal/arm64/PayslipMaxUITests.swiftmodule -validate-clang-modules-once -clang-build-session-file /Users/sunil/Library/Developer/Xcode/DerivedData/ModuleCache.noindex/Session.modulevalidation -Xcc -I/Users/sunil/Library/Developer/Xcode/DerivedData/PayslipMax-hjysiekmgzmtrogwzfdzyahpkkxl/Build/Intermediates.noindex/PayslipMax.build/Debug-iphonesimulator/PayslipMaxUITests.build/swift-overrides.hmap -emit-const-values -Xfrontend -const-gather-protocols-file -Xfrontend /Users/sunil/Library/Developer/Xcode/DerivedData/PayslipMax-hjysiekmgzmtrogwzfdzyahpkkxl/Build/Intermediates.noindex/PayslipMax.build/Debug-iphonesimulator/PayslipMaxUITests.build/Objects-normal/arm64/PayslipMaxUITests_const_extract_protocols.json -Xcc -iquote -Xcc /Users/sunil/Library/Developer/Xcode/DerivedData/PayslipMax-hjysiekmgzmtrogwzfdzyahpkkxl/Build/Intermediates.noindex/PayslipMax.build/Debug-iphonesimulator/PayslipMaxUITests.build/PayslipMaxUITests-generated-files.hmap -Xcc -I/Users/sunil/Library/Developer/Xcode/DerivedData/PayslipMax-hjysiekmgzmtrogwzfdzyahpkkxl/Build/Intermediates.noindex/PayslipMax.build/Debug-iphonesimulator/PayslipMaxUITests.build/PayslipMaxUITests-own-target-headers.hmap -Xcc -I/Users/sunil/Library/Developer/Xcode/DerivedData/PayslipMax-hjysiekmgzmtrogwzfdzyahpkkxl/Build/Intermediates.noindex/PayslipMax.build/Debug-iphonesimulator/PayslipMaxUITests.build/PayslipMaxUITests-all-target-headers.hmap -Xcc -iquote -Xcc /Users/sunil/Library/Developer/Xcode/DerivedData/PayslipMax-hjysiekmgzmtrogwzfdzyahpkkxl/Build/Intermediates.noindex/PayslipMax.build/Debug-iphonesimulator/PayslipMaxUITests.build/PayslipMaxUITests-project-headers.hmap -Xcc -I/Users/sunil/Library/Developer/Xcode/DerivedData/PayslipMax-hjysiekmgzmtrogwzfdzyahpkkxl/Build/Products/Debug-iphonesimulator/include -Xcc -I/Users/sunil/Library/Developer/Xcode/DerivedData/PayslipMax-hjysiekmgzmtrogwzfdzyahpkkxl/Build/Intermediates.noindex/PayslipMax.build/Debug-iphonesimulator/PayslipMaxUITests.build/DerivedSources-normal/arm64 -Xcc -I/Users/sunil/Library/Developer/Xcode/DerivedData/PayslipMax-hjysiekmgzmtrogwzfdzyahpkkxl/Build/Intermediates.noindex/PayslipMax.build/Debug-iphonesimulator/PayslipMaxUITests.build/DerivedSources/arm64 -Xcc -I/Users/sunil/Library/Developer/Xcode/DerivedData/PayslipMax-hjysiekmgzmtrogwzfdzyahpkkxl/Build/Intermediates.noindex/PayslipMax.build/Debug-iphonesimulator/PayslipMaxUITests.build/DerivedSources -Xcc -DDEBUG\=1 -emit-objc-header -emit-objc-header-path /Users/sunil/Library/Developer/Xcode/DerivedData/PayslipMax-hjysiekmgzmtrogwzfdzyahpkkxl/Build/Intermediates.noindex/PayslipMax.build/Debug-iphonesimulator/PayslipMaxUITests.build/Objects-normal/arm64/PayslipMaxUITests-Swift.h -working-directory /Users/sunil/Downloads/PayslipMax -experimental-emit-module-separately -disable-cmo

CopySwiftLibs /Users/sunil/Library/Developer/Xcode/DerivedData/PayslipMax-hjysiekmgzmtrogwzfdzyahpkkxl/Build/Products/Debug-iphonesimulator/PayslipMax.app (in target 'PayslipMax' from project 'PayslipMax')
    cd /Users/sunil/Downloads/PayslipMax
    builtin-swiftStdLibTool --copy --verbose --sign - --scan-executable /Users/sunil/Library/Developer/Xcode/DerivedData/PayslipMax-hjysiekmgzmtrogwzfdzyahpkkxl/Build/Products/Debug-iphonesimulator/PayslipMax.app/PayslipMax.debug.dylib --scan-folder /Users/sunil/Library/Developer/Xcode/DerivedData/PayslipMax-hjysiekmgzmtrogwzfdzyahpkkxl/Build/Products/Debug-iphonesimulator/PayslipMax.app/Frameworks --scan-folder /Users/sunil/Library/Developer/Xcode/DerivedData/PayslipMax-hjysiekmgzmtrogwzfdzyahpkkxl/Build/Products/Debug-iphonesimulator/PayslipMax.app/PlugIns --scan-folder /Users/sunil/Library/Developer/Xcode/DerivedData/PayslipMax-hjysiekmgzmtrogwzfdzyahpkkxl/Build/Products/Debug-iphonesimulator/PayslipMax.app/SystemExtensions --scan-folder /Users/sunil/Library/Developer/Xcode/DerivedData/PayslipMax-hjysiekmgzmtrogwzfdzyahpkkxl/Build/Products/Debug-iphonesimulator/PayslipMax.app/Extensions --platform iphonesimulator --toolchain /Applications/Xcode.app/Contents/Developer/Toolchains/XcodeDefault.xctoolchain --destination /Users/sunil/Library/Developer/Xcode/DerivedData/PayslipMax-hjysiekmgzmtrogwzfdzyahpkkxl/Build/Products/Debug-iphonesimulator/PayslipMax.app/Frameworks --strip-bitcode --strip-bitcode-tool /Applications/Xcode.app/Contents/Developer/Toolchains/XcodeDefault.xctoolchain/usr/bin/bitcode_strip --emit-dependency-info /Users/sunil/Library/Developer/Xcode/DerivedData/PayslipMax-hjysiekmgzmtrogwzfdzyahpkkxl/Build/Intermediates.noindex/PayslipMax.build/Debug-iphonesimulator/PayslipMax.build/SwiftStdLibToolInputDependencies.dep --filter-for-swift-os

ProcessInfoPlistFile /Users/sunil/Library/Developer/Xcode/DerivedData/PayslipMax-hjysiekmgzmtrogwzfdzyahpkkxl/Build/Products/Debug-iphonesimulator/PayslipMax.app/Info.plist /Users/sunil/Downloads/PayslipMax/PayslipMax/Info.plist (in target 'PayslipMax' from project 'PayslipMax')
    cd /Users/sunil/Downloads/PayslipMax
    builtin-infoPlistUtility /Users/sunil/Downloads/PayslipMax/PayslipMax/Info.plist -producttype com.apple.product-type.application -genpkginfo /Users/sunil/Library/Developer/Xcode/DerivedData/PayslipMax-hjysiekmgzmtrogwzfdzyahpkkxl/Build/Products/Debug-iphonesimulator/PayslipMax.app/PkgInfo -expandbuildsettings -format binary -platform iphonesimulator -additionalcontentfile /Users/sunil/Library/Developer/Xcode/DerivedData/PayslipMax-hjysiekmgzmtrogwzfdzyahpkkxl/Build/Intermediates.noindex/PayslipMax.build/Debug-iphonesimulator/PayslipMax.build/assetcatalog_generated_info.plist -o /Users/sunil/Library/Developer/Xcode/DerivedData/PayslipMax-hjysiekmgzmtrogwzfdzyahpkkxl/Build/Products/Debug-iphonesimulator/PayslipMax.app/Info.plist

CopySwiftLibs /Users/sunil/Library/Developer/Xcode/DerivedData/PayslipMax-hjysiekmgzmtrogwzfdzyahpkkxl/Build/Products/Debug-iphonesimulator/PayslipMax.app/PlugIns/PayslipMaxTests.xctest (in target 'PayslipMaxTests' from project 'PayslipMax')
    cd /Users/sunil/Downloads/PayslipMax
    builtin-swiftStdLibTool --copy --verbose --sign - --scan-executable /Users/sunil/Library/Developer/Xcode/DerivedData/PayslipMax-hjysiekmgzmtrogwzfdzyahpkkxl/Build/Products/Debug-iphonesimulator/PayslipMax.app/PlugIns/PayslipMaxTests.xctest/PayslipMaxTests --scan-folder /Users/sunil/Library/Developer/Xcode/DerivedData/PayslipMax-hjysiekmgzmtrogwzfdzyahpkkxl/Build/Products/Debug-iphonesimulator/PayslipMax.app/PlugIns/PayslipMaxTests.xctest/Frameworks --scan-folder /Users/sunil/Library/Developer/Xcode/DerivedData/PayslipMax-hjysiekmgzmtrogwzfdzyahpkkxl/Build/Products/Debug-iphonesimulator/PayslipMax.app/PlugIns/PayslipMaxTests.xctest/PlugIns --scan-folder /Users/sunil/Library/Developer/Xcode/DerivedData/PayslipMax-hjysiekmgzmtrogwzfdzyahpkkxl/Build/Products/Debug-iphonesimulator/PayslipMax.app/PlugIns/PayslipMaxTests.xctest/SystemExtensions --scan-folder /Users/sunil/Library/Developer/Xcode/DerivedData/PayslipMax-hjysiekmgzmtrogwzfdzyahpkkxl/Build/Products/Debug-iphonesimulator/PayslipMax.app/PlugIns/PayslipMaxTests.xctest/Extensions --scan-folder /Applications/Xcode.app/Contents/Developer/Platforms/iPhoneOS.platform/Developer/Library/Frameworks/XCTest.framework --platform iphonesimulator --toolchain /Applications/Xcode.app/Contents/Developer/Toolchains/XcodeDefault.xctoolchain --destination /Users/sunil/Library/Developer/Xcode/DerivedData/PayslipMax-hjysiekmgzmtrogwzfdzyahpkkxl/Build/Products/Debug-iphonesimulator/PayslipMax.app/PlugIns/PayslipMaxTests.xctest/Frameworks --strip-bitcode --scan-executable /Applications/Xcode.app/Contents/Developer/Platforms/iPhoneSimulator.platform/Developer/usr/lib/libXCTestSwiftSupport.dylib --strip-bitcode-tool /Applications/Xcode.app/Contents/Developer/Toolchains/XcodeDefault.xctoolchain/usr/bin/bitcode_strip --emit-dependency-info /Users/sunil/Library/Developer/Xcode/DerivedData/PayslipMax-hjysiekmgzmtrogwzfdzyahpkkxl/Build/Intermediates.noindex/PayslipMax.build/Debug-iphonesimulator/PayslipMaxTests.build/SwiftStdLibToolInputDependencies.dep --filter-for-swift-os

ProcessInfoPlistFile /Users/sunil/Library/Developer/Xcode/DerivedData/PayslipMax-hjysiekmgzmtrogwzfdzyahpkkxl/Build/Products/Debug-iphonesimulator/PayslipMax.app/PlugIns/PayslipMaxTests.xctest/Info.plist /Users/sunil/Library/Developer/Xcode/DerivedData/PayslipMax-hjysiekmgzmtrogwzfdzyahpkkxl/Build/Intermediates.noindex/PayslipMax.build/Debug-iphonesimulator/PayslipMaxTests.build/empty-PayslipMaxTests.plist (in target 'PayslipMaxTests' from project 'PayslipMax')
    cd /Users/sunil/Downloads/PayslipMax
    builtin-infoPlistUtility /Users/sunil/Library/Developer/Xcode/DerivedData/PayslipMax-hjysiekmgzmtrogwzfdzyahpkkxl/Build/Intermediates.noindex/PayslipMax.build/Debug-iphonesimulator/PayslipMaxTests.build/empty-PayslipMaxTests.plist -producttype com.apple.product-type.bundle.unit-test -expandbuildsettings -format binary -platform iphonesimulator -o /Users/sunil/Library/Developer/Xcode/DerivedData/PayslipMax-hjysiekmgzmtrogwzfdzyahpkkxl/Build/Products/Debug-iphonesimulator/PayslipMax.app/PlugIns/PayslipMaxTests.xctest/Info.plist

ProcessInfoPlistFile /Users/sunil/Library/Developer/Xcode/DerivedData/PayslipMax-hjysiekmgzmtrogwzfdzyahpkkxl/Build/Products/Debug-iphonesimulator/PayslipMaxUITests-Runner.app/PlugIns/PayslipMaxUITests.xctest/Info.plist /Users/sunil/Library/Developer/Xcode/DerivedData/PayslipMax-hjysiekmgzmtrogwzfdzyahpkkxl/Build/Intermediates.noindex/PayslipMax.build/Debug-iphonesimulator/PayslipMaxUITests.build/empty-PayslipMaxUITests.plist (in target 'PayslipMaxUITests' from project 'PayslipMax')
    cd /Users/sunil/Downloads/PayslipMax
    builtin-infoPlistUtility /Users/sunil/Library/Developer/Xcode/DerivedData/PayslipMax-hjysiekmgzmtrogwzfdzyahpkkxl/Build/Intermediates.noindex/PayslipMax.build/Debug-iphonesimulator/PayslipMaxUITests.build/empty-PayslipMaxUITests.plist -producttype com.apple.product-type.bundle.ui-testing -expandbuildsettings -format binary -platform iphonesimulator -additionalcontentfile /Users/sunil/Library/Developer/Xcode/DerivedData/PayslipMax-hjysiekmgzmtrogwzfdzyahpkkxl/Build/Intermediates.noindex/PayslipMax.build/Debug-iphonesimulator/PayslipMaxUITests.build/ProductTypeInfoPlistAdditions.plist -o /Users/sunil/Library/Developer/Xcode/DerivedData/PayslipMax-hjysiekmgzmtrogwzfdzyahpkkxl/Build/Products/Debug-iphonesimulator/PayslipMaxUITests-Runner.app/PlugIns/PayslipMaxUITests.xctest/Info.plist

SwiftCompile normal arm64 Compiling\ ClearDataFlowTests.swift /Users/sunil/Downloads/PayslipMax/PayslipMaxUITests/ClearDataFlowTests.swift (in target 'PayslipMaxUITests' from project 'PayslipMax')

SwiftCompile normal arm64 /Users/sunil/Downloads/PayslipMax/PayslipMaxUITests/ClearDataFlowTests.swift (in target 'PayslipMaxUITests' from project 'PayslipMax')
    cd /Users/sunil/Downloads/PayslipMax
    

SwiftEmitModule normal arm64 Emitting\ module\ for\ PayslipMaxUITests (in target 'PayslipMaxUITests' from project 'PayslipMax')

EmitSwiftModule normal arm64 (in target 'PayslipMaxUITests' from project 'PayslipMax')
    cd /Users/sunil/Downloads/PayslipMax
    

SwiftDriverJobDiscovery normal arm64 Emitting module for PayslipMaxUITests (in target 'PayslipMaxUITests' from project 'PayslipMax')

SwiftDriver\ Compilation\ Requirements PayslipMaxUITests normal arm64 com.apple.xcode.tools.swift.compiler (in target 'PayslipMaxUITests' from project 'PayslipMax')
    cd /Users/sunil/Downloads/PayslipMax
    builtin-Swift-Compilation-Requirements -- /Applications/Xcode.app/Contents/Developer/Toolchains/XcodeDefault.xctoolchain/usr/bin/swiftc -module-name PayslipMaxUITests -Onone -enforce-exclusivity\=checked @/Users/sunil/Library/Developer/Xcode/DerivedData/PayslipMax-hjysiekmgzmtrogwzfdzyahpkkxl/Build/Intermediates.noindex/PayslipMax.build/Debug-iphonesimulator/PayslipMaxUITests.build/Objects-normal/arm64/PayslipMaxUITests.SwiftFileList -DDEBUG -module-alias Testing\=_Testing_Unavailable -plugin-path /Applications/Xcode.app/Contents/Developer/Toolchains/XcodeDefault.xctoolchain/usr/lib/swift/host/plugins/testing -enable-bare-slash-regex -enable-experimental-feature DebugDescriptionMacro -sdk /Applications/Xcode.app/Contents/Developer/Platforms/iPhoneSimulator.platform/Developer/SDKs/iPhoneSimulator26.1.sdk -target arm64-apple-ios18.2-simulator -g -module-cache-path /Users/sunil/Library/Developer/Xcode/DerivedData/ModuleCache.noindex -Xfrontend -serialize-debugging-options -profile-coverage-mapping -profile-generate -enable-testing -index-store-path /Users/sunil/Library/Developer/Xcode/DerivedData/PayslipMax-hjysiekmgzmtrogwzfdzyahpkkxl/Index.noindex/DataStore -Xcc -D_LIBCPP_HARDENING_MODE\=_LIBCPP_HARDENING_MODE_DEBUG -swift-version 5 -I /Users/sunil/Library/Developer/Xcode/DerivedData/PayslipMax-hjysiekmgzmtrogwzfdzyahpkkxl/Build/Products/Debug-iphonesimulator -Isystem /Applications/Xcode.app/Contents/Developer/Platforms/iPhoneSimulator.platform/Developer/usr/lib -F /Users/sunil/Library/Developer/Xcode/DerivedData/PayslipMax-hjysiekmgzmtrogwzfdzyahpkkxl/Build/Products/Debug-iphonesimulator -F /Applications/Xcode.app/Contents/Developer/Platforms/iPhoneSimulator.platform/Developer/Library/Frameworks -F /Applications/Xcode.app/Contents/Developer/Platforms/iPhoneSimulator.platform/Developer/SDKs/iPhoneSimulator26.1.sdk/Developer/Library/Frameworks -c -j10 -enable-batch-mode -incremental -Xcc -ivfsstatcache -Xcc /Users/sunil/Library/Developer/Xcode/DerivedData/SDKStatCaches.noindex/iphonesimulator26.1-23B77-90cf18a4295e390e64c810bc6bd7acbc.sdkstatcache -output-file-map /Users/sunil/Library/Developer/Xcode/DerivedData/PayslipMax-hjysiekmgzmtrogwzfdzyahpkkxl/Build/Intermediates.noindex/PayslipMax.build/Debug-iphonesimulator/PayslipMaxUITests.build/Objects-normal/arm64/PayslipMaxUITests-OutputFileMap.json -use-frontend-parseable-output -save-temps -no-color-diagnostics -explicit-module-build -module-cache-path /Users/sunil/Library/Developer/Xcode/DerivedData/PayslipMax-hjysiekmgzmtrogwzfdzyahpkkxl/Build/Intermediates.noindex/SwiftExplicitPrecompiledModules -clang-scanner-module-cache-path /Users/sunil/Library/Developer/Xcode/DerivedData/ModuleCache.noindex -sdk-module-cache-path /Users/sunil/Library/Developer/Xcode/DerivedData/ModuleCache.noindex -serialize-diagnostics -emit-dependencies -emit-module -emit-module-path /Users/sunil/Library/Developer/Xcode/DerivedData/PayslipMax-hjysiekmgzmtrogwzfdzyahpkkxl/Build/Intermediates.noindex/PayslipMax.build/Debug-iphonesimulator/PayslipMaxUITests.build/Objects-normal/arm64/PayslipMaxUITests.swiftmodule -validate-clang-modules-once -clang-build-session-file /Users/sunil/Library/Developer/Xcode/DerivedData/ModuleCache.noindex/Session.modulevalidation -Xcc -I/Users/sunil/Library/Developer/Xcode/DerivedData/PayslipMax-hjysiekmgzmtrogwzfdzyahpkkxl/Build/Intermediates.noindex/PayslipMax.build/Debug-iphonesimulator/PayslipMaxUITests.build/swift-overrides.hmap -emit-const-values -Xfrontend -const-gather-protocols-file -Xfrontend /Users/sunil/Library/Developer/Xcode/DerivedData/PayslipMax-hjysiekmgzmtrogwzfdzyahpkkxl/Build/Intermediates.noindex/PayslipMax.build/Debug-iphonesimulator/PayslipMaxUITests.build/Objects-normal/arm64/PayslipMaxUITests_const_extract_protocols.json -Xcc -iquote -Xcc /Users/sunil/Library/Developer/Xcode/DerivedData/PayslipMax-hjysiekmgzmtrogwzfdzyahpkkxl/Build/Intermediates.noindex/PayslipMax.build/Debug-iphonesimulator/PayslipMaxUITests.build/PayslipMaxUITests-generated-files.hmap -Xcc -I/Users/sunil/Library/Developer/Xcode/DerivedData/PayslipMax-hjysiekmgzmtrogwzfdzyahpkkxl/Build/Intermediates.noindex/PayslipMax.build/Debug-iphonesimulator/PayslipMaxUITests.build/PayslipMaxUITests-own-target-headers.hmap -Xcc -I/Users/sunil/Library/Developer/Xcode/DerivedData/PayslipMax-hjysiekmgzmtrogwzfdzyahpkkxl/Build/Intermediates.noindex/PayslipMax.build/Debug-iphonesimulator/PayslipMaxUITests.build/PayslipMaxUITests-all-target-headers.hmap -Xcc -iquote -Xcc /Users/sunil/Library/Developer/Xcode/DerivedData/PayslipMax-hjysiekmgzmtrogwzfdzyahpkkxl/Build/Intermediates.noindex/PayslipMax.build/Debug-iphonesimulator/PayslipMaxUITests.build/PayslipMaxUITests-project-headers.hmap -Xcc -I/Users/sunil/Library/Developer/Xcode/DerivedData/PayslipMax-hjysiekmgzmtrogwzfdzyahpkkxl/Build/Products/Debug-iphonesimulator/include -Xcc -I/Users/sunil/Library/Developer/Xcode/DerivedData/PayslipMax-hjysiekmgzmtrogwzfdzyahpkkxl/Build/Intermediates.noindex/PayslipMax.build/Debug-iphonesimulator/PayslipMaxUITests.build/DerivedSources-normal/arm64 -Xcc -I/Users/sunil/Library/Developer/Xcode/DerivedData/PayslipMax-hjysiekmgzmtrogwzfdzyahpkkxl/Build/Intermediates.noindex/PayslipMax.build/Debug-iphonesimulator/PayslipMaxUITests.build/DerivedSources/arm64 -Xcc -I/Users/sunil/Library/Developer/Xcode/DerivedData/PayslipMax-hjysiekmgzmtrogwzfdzyahpkkxl/Build/Intermediates.noindex/PayslipMax.build/Debug-iphonesimulator/PayslipMaxUITests.build/DerivedSources -Xcc -DDEBUG\=1 -emit-objc-header -emit-objc-header-path /Users/sunil/Library/Developer/Xcode/DerivedData/PayslipMax-hjysiekmgzmtrogwzfdzyahpkkxl/Build/Intermediates.noindex/PayslipMax.build/Debug-iphonesimulator/PayslipMaxUITests.build/Objects-normal/arm64/PayslipMaxUITests-Swift.h -working-directory /Users/sunil/Downloads/PayslipMax -experimental-emit-module-separately -disable-cmo

Copy /Users/sunil/Library/Developer/Xcode/DerivedData/PayslipMax-hjysiekmgzmtrogwzfdzyahpkkxl/Build/Products/Debug-iphonesimulator/PayslipMaxUITests.swiftmodule/Project/arm64-apple-ios-simulator.swiftsourceinfo /Users/sunil/Library/Developer/Xcode/DerivedData/PayslipMax-hjysiekmgzmtrogwzfdzyahpkkxl/Build/Intermediates.noindex/PayslipMax.build/Debug-iphonesimulator/PayslipMaxUITests.build/Objects-normal/arm64/PayslipMaxUITests.swiftsourceinfo (in target 'PayslipMaxUITests' from project 'PayslipMax')
    cd /Users/sunil/Downloads/PayslipMax
    builtin-copy -exclude .DS_Store -exclude CVS -exclude .svn -exclude .git -exclude .hg -resolve-src-symlinks -rename /Users/sunil/Library/Developer/Xcode/DerivedData/PayslipMax-hjysiekmgzmtrogwzfdzyahpkkxl/Build/Intermediates.noindex/PayslipMax.build/Debug-iphonesimulator/PayslipMaxUITests.build/Objects-normal/arm64/PayslipMaxUITests.swiftsourceinfo /Users/sunil/Library/Developer/Xcode/DerivedData/PayslipMax-hjysiekmgzmtrogwzfdzyahpkkxl/Build/Products/Debug-iphonesimulator/PayslipMaxUITests.swiftmodule/Project/arm64-apple-ios-simulator.swiftsourceinfo

Copy /Users/sunil/Library/Developer/Xcode/DerivedData/PayslipMax-hjysiekmgzmtrogwzfdzyahpkkxl/Build/Products/Debug-iphonesimulator/PayslipMaxUITests.swiftmodule/arm64-apple-ios-simulator.abi.json /Users/sunil/Library/Developer/Xcode/DerivedData/PayslipMax-hjysiekmgzmtrogwzfdzyahpkkxl/Build/Intermediates.noindex/PayslipMax.build/Debug-iphonesimulator/PayslipMaxUITests.build/Objects-normal/arm64/PayslipMaxUITests.abi.json (in target 'PayslipMaxUITests' from project 'PayslipMax')
    cd /Users/sunil/Downloads/PayslipMax
    builtin-copy -exclude .DS_Store -exclude CVS -exclude .svn -exclude .git -exclude .hg -resolve-src-symlinks -rename /Users/sunil/Library/Developer/Xcode/DerivedData/PayslipMax-hjysiekmgzmtrogwzfdzyahpkkxl/Build/Intermediates.noindex/PayslipMax.build/Debug-iphonesimulator/PayslipMaxUITests.build/Objects-normal/arm64/PayslipMaxUITests.abi.json /Users/sunil/Library/Developer/Xcode/DerivedData/PayslipMax-hjysiekmgzmtrogwzfdzyahpkkxl/Build/Products/Debug-iphonesimulator/PayslipMaxUITests.swiftmodule/arm64-apple-ios-simulator.abi.json

SwiftDriverJobDiscovery normal arm64 Compiling ClearDataFlowTests.swift (in target 'PayslipMaxUITests' from project 'PayslipMax')

SwiftDriver\ Compilation PayslipMaxUITests normal arm64 com.apple.xcode.tools.swift.compiler (in target 'PayslipMaxUITests' from project 'PayslipMax')
    cd /Users/sunil/Downloads/PayslipMax
    builtin-Swift-Compilation -- /Applications/Xcode.app/Contents/Developer/Toolchains/XcodeDefault.xctoolchain/usr/bin/swiftc -module-name PayslipMaxUITests -Onone -enforce-exclusivity\=checked @/Users/sunil/Library/Developer/Xcode/DerivedData/PayslipMax-hjysiekmgzmtrogwzfdzyahpkkxl/Build/Intermediates.noindex/PayslipMax.build/Debug-iphonesimulator/PayslipMaxUITests.build/Objects-normal/arm64/PayslipMaxUITests.SwiftFileList -DDEBUG -module-alias Testing\=_Testing_Unavailable -plugin-path /Applications/Xcode.app/Contents/Developer/Toolchains/XcodeDefault.xctoolchain/usr/lib/swift/host/plugins/testing -enable-bare-slash-regex -enable-experimental-feature DebugDescriptionMacro -sdk /Applications/Xcode.app/Contents/Developer/Platforms/iPhoneSimulator.platform/Developer/SDKs/iPhoneSimulator26.1.sdk -target arm64-apple-ios18.2-simulator -g -module-cache-path /Users/sunil/Library/Developer/Xcode/DerivedData/ModuleCache.noindex -Xfrontend -serialize-debugging-options -profile-coverage-mapping -profile-generate -enable-testing -index-store-path /Users/sunil/Library/Developer/Xcode/DerivedData/PayslipMax-hjysiekmgzmtrogwzfdzyahpkkxl/Index.noindex/DataStore -Xcc -D_LIBCPP_HARDENING_MODE\=_LIBCPP_HARDENING_MODE_DEBUG -swift-version 5 -I /Users/sunil/Library/Developer/Xcode/DerivedData/PayslipMax-hjysiekmgzmtrogwzfdzyahpkkxl/Build/Products/Debug-iphonesimulator -Isystem /Applications/Xcode.app/Contents/Developer/Platforms/iPhoneSimulator.platform/Developer/usr/lib -F /Users/sunil/Library/Developer/Xcode/DerivedData/PayslipMax-hjysiekmgzmtrogwzfdzyahpkkxl/Build/Products/Debug-iphonesimulator -F /Applications/Xcode.app/Contents/Developer/Platforms/iPhoneSimulator.platform/Developer/Library/Frameworks -F /Applications/Xcode.app/Contents/Developer/Platforms/iPhoneSimulator.platform/Developer/SDKs/iPhoneSimulator26.1.sdk/Developer/Library/Frameworks -c -j10 -enable-batch-mode -incremental -Xcc -ivfsstatcache -Xcc /Users/sunil/Library/Developer/Xcode/DerivedData/SDKStatCaches.noindex/iphonesimulator26.1-23B77-90cf18a4295e390e64c810bc6bd7acbc.sdkstatcache -output-file-map /Users/sunil/Library/Developer/Xcode/DerivedData/PayslipMax-hjysiekmgzmtrogwzfdzyahpkkxl/Build/Intermediates.noindex/PayslipMax.build/Debug-iphonesimulator/PayslipMaxUITests.build/Objects-normal/arm64/PayslipMaxUITests-OutputFileMap.json -use-frontend-parseable-output -save-temps -no-color-diagnostics -explicit-module-build -module-cache-path /Users/sunil/Library/Developer/Xcode/DerivedData/PayslipMax-hjysiekmgzmtrogwzfdzyahpkkxl/Build/Intermediates.noindex/SwiftExplicitPrecompiledModules -clang-scanner-module-cache-path /Users/sunil/Library/Developer/Xcode/DerivedData/ModuleCache.noindex -sdk-module-cache-path /Users/sunil/Library/Developer/Xcode/DerivedData/ModuleCache.noindex -serialize-diagnostics -emit-dependencies -emit-module -emit-module-path /Users/sunil/Library/Developer/Xcode/DerivedData/PayslipMax-hjysiekmgzmtrogwzfdzyahpkkxl/Build/Intermediates.noindex/PayslipMax.build/Debug-iphonesimulator/PayslipMaxUITests.build/Objects-normal/arm64/PayslipMaxUITests.swiftmodule -validate-clang-modules-once -clang-build-session-file /Users/sunil/Library/Developer/Xcode/DerivedData/ModuleCache.noindex/Session.modulevalidation -Xcc -I/Users/sunil/Library/Developer/Xcode/DerivedData/PayslipMax-hjysiekmgzmtrogwzfdzyahpkkxl/Build/Intermediates.noindex/PayslipMax.build/Debug-iphonesimulator/PayslipMaxUITests.build/swift-overrides.hmap -emit-const-values -Xfrontend -const-gather-protocols-file -Xfrontend /Users/sunil/Library/Developer/Xcode/DerivedData/PayslipMax-hjysiekmgzmtrogwzfdzyahpkkxl/Build/Intermediates.noindex/PayslipMax.build/Debug-iphonesimulator/PayslipMaxUITests.build/Objects-normal/arm64/PayslipMaxUITests_const_extract_protocols.json -Xcc -iquote -Xcc /Users/sunil/Library/Developer/Xcode/DerivedData/PayslipMax-hjysiekmgzmtrogwzfdzyahpkkxl/Build/Intermediates.noindex/PayslipMax.build/Debug-iphonesimulator/PayslipMaxUITests.build/PayslipMaxUITests-generated-files.hmap -Xcc -I/Users/sunil/Library/Developer/Xcode/DerivedData/PayslipMax-hjysiekmgzmtrogwzfdzyahpkkxl/Build/Intermediates.noindex/PayslipMax.build/Debug-iphonesimulator/PayslipMaxUITests.build/PayslipMaxUITests-own-target-headers.hmap -Xcc -I/Users/sunil/Library/Developer/Xcode/DerivedData/PayslipMax-hjysiekmgzmtrogwzfdzyahpkkxl/Build/Intermediates.noindex/PayslipMax.build/Debug-iphonesimulator/PayslipMaxUITests.build/PayslipMaxUITests-all-target-headers.hmap -Xcc -iquote -Xcc /Users/sunil/Library/Developer/Xcode/DerivedData/PayslipMax-hjysiekmgzmtrogwzfdzyahpkkxl/Build/Intermediates.noindex/PayslipMax.build/Debug-iphonesimulator/PayslipMaxUITests.build/PayslipMaxUITests-project-headers.hmap -Xcc -I/Users/sunil/Library/Developer/Xcode/DerivedData/PayslipMax-hjysiekmgzmtrogwzfdzyahpkkxl/Build/Products/Debug-iphonesimulator/include -Xcc -I/Users/sunil/Library/Developer/Xcode/DerivedData/PayslipMax-hjysiekmgzmtrogwzfdzyahpkkxl/Build/Intermediates.noindex/PayslipMax.build/Debug-iphonesimulator/PayslipMaxUITests.build/DerivedSources-normal/arm64 -Xcc -I/Users/sunil/Library/Developer/Xcode/DerivedData/PayslipMax-hjysiekmgzmtrogwzfdzyahpkkxl/Build/Intermediates.noindex/PayslipMax.build/Debug-iphonesimulator/PayslipMaxUITests.build/DerivedSources/arm64 -Xcc -I/Users/sunil/Library/Developer/Xcode/DerivedData/PayslipMax-hjysiekmgzmtrogwzfdzyahpkkxl/Build/Intermediates.noindex/PayslipMax.build/Debug-iphonesimulator/PayslipMaxUITests.build/DerivedSources -Xcc -DDEBUG\=1 -emit-objc-header -emit-objc-header-path /Users/sunil/Library/Developer/Xcode/DerivedData/PayslipMax-hjysiekmgzmtrogwzfdzyahpkkxl/Build/Intermediates.noindex/PayslipMax.build/Debug-iphonesimulator/PayslipMaxUITests.build/Objects-normal/arm64/PayslipMaxUITests-Swift.h -working-directory /Users/sunil/Downloads/PayslipMax -experimental-emit-module-separately -disable-cmo

Ld /Users/sunil/Library/Developer/Xcode/DerivedData/PayslipMax-hjysiekmgzmtrogwzfdzyahpkkxl/Build/Products/Debug-iphonesimulator/PayslipMaxUITests-Runner.app/PlugIns/PayslipMaxUITests.xctest/PayslipMaxUITests normal (in target 'PayslipMaxUITests' from project 'PayslipMax')
    cd /Users/sunil/Downloads/PayslipMax
    /Applications/Xcode.app/Contents/Developer/Toolchains/XcodeDefault.xctoolchain/usr/bin/clang -Xlinker -reproducible -target arm64-apple-ios18.2-simulator -bundle -isysroot /Applications/Xcode.app/Contents/Developer/Platforms/iPhoneSimulator.platform/Developer/SDKs/iPhoneSimulator26.1.sdk -O0 -L/Users/sunil/Library/Developer/Xcode/DerivedData/PayslipMax-hjysiekmgzmtrogwzfdzyahpkkxl/Build/Intermediates.noindex/EagerLinkingTBDs/Debug-iphonesimulator -L/Users/sunil/Library/Developer/Xcode/DerivedData/PayslipMax-hjysiekmgzmtrogwzfdzyahpkkxl/Build/Products/Debug-iphonesimulator -L/Applications/Xcode.app/Contents/Developer/Platforms/iPhoneSimulator.platform/Developer/usr/lib -F/Users/sunil/Library/Developer/Xcode/DerivedData/PayslipMax-hjysiekmgzmtrogwzfdzyahpkkxl/Build/Intermediates.noindex/EagerLinkingTBDs/Debug-iphonesimulator -F/Users/sunil/Library/Developer/Xcode/DerivedData/PayslipMax-hjysiekmgzmtrogwzfdzyahpkkxl/Build/Products/Debug-iphonesimulator -iframework /Applications/Xcode.app/Contents/Developer/Platforms/iPhoneSimulator.platform/Developer/Library/Frameworks -iframework /Applications/Xcode.app/Contents/Developer/Platforms/iPhoneSimulator.platform/Developer/SDKs/iPhoneSimulator26.1.sdk/Developer/Library/Frameworks -filelist /Users/sunil/Library/Developer/Xcode/DerivedData/PayslipMax-hjysiekmgzmtrogwzfdzyahpkkxl/Build/Intermediates.noindex/PayslipMax.build/Debug-iphonesimulator/PayslipMaxUITests.build/Objects-normal/arm64/PayslipMaxUITests.LinkFileList -Xlinker -rpath -Xlinker /usr/lib/swift -Xlinker -rpath -Xlinker @loader_path/Frameworks -dead_strip -Xlinker -object_path_lto -Xlinker /Users/sunil/Library/Developer/Xcode/DerivedData/PayslipMax-hjysiekmgzmtrogwzfdzyahpkkxl/Build/Intermediates.noindex/PayslipMax.build/Debug-iphonesimulator/PayslipMaxUITests.build/Objects-normal/arm64/PayslipMaxUITests_lto.o -rdynamic -Xlinker -no_deduplicate -Xlinker -objc_abi_version -Xlinker 2 -Xlinker -debug_variant -Xlinker -dependency_info -Xlinker /Users/sunil/Library/Developer/Xcode/DerivedData/PayslipMax-hjysiekmgzmtrogwzfdzyahpkkxl/Build/Intermediates.noindex/PayslipMax.build/Debug-iphonesimulator/PayslipMaxUITests.build/Objects-normal/arm64/PayslipMaxUITests_dependency_info.dat -fobjc-link-runtime -fprofile-instr-generate -L/Applications/Xcode.app/Contents/Developer/Toolchains/XcodeDefault.xctoolchain/usr/lib/swift/iphonesimulator -L/usr/lib/swift -Xlinker -add_ast_path -Xlinker /Users/sunil/Library/Developer/Xcode/DerivedData/PayslipMax-hjysiekmgzmtrogwzfdzyahpkkxl/Build/Intermediates.noindex/PayslipMax.build/Debug-iphonesimulator/PayslipMaxUITests.build/Objects-normal/arm64/PayslipMaxUITests.swiftmodule @/Users/sunil/Library/Developer/Xcode/DerivedData/PayslipMax-hjysiekmgzmtrogwzfdzyahpkkxl/Build/Intermediates.noindex/PayslipMax.build/Debug-iphonesimulator/PayslipMaxUITests.build/Objects-normal/arm64/PayslipMaxUITests-linker-args.resp -Xlinker -needed_framework -Xlinker XCTest -framework XCTest -Xlinker -needed-lXCTestSwiftSupport -lXCTestSwiftSupport -Xlinker -sectcreate -Xlinker __TEXT -Xlinker __entitlements -Xlinker /Users/sunil/Library/Developer/Xcode/DerivedData/PayslipMax-hjysiekmgzmtrogwzfdzyahpkkxl/Build/Intermediates.noindex/PayslipMax.build/Debug-iphonesimulator/PayslipMaxUITests.build/PayslipMaxUITests.xctest-Simulated.xcent -Xlinker -sectcreate -Xlinker __TEXT -Xlinker __ents_der -Xlinker /Users/sunil/Library/Developer/Xcode/DerivedData/PayslipMax-hjysiekmgzmtrogwzfdzyahpkkxl/Build/Intermediates.noindex/PayslipMax.build/Debug-iphonesimulator/PayslipMaxUITests.build/PayslipMaxUITests.xctest-Simulated.xcent.der -Xlinker -no_adhoc_codesign -o /Users/sunil/Library/Developer/Xcode/DerivedData/PayslipMax-hjysiekmgzmtrogwzfdzyahpkkxl/Build/Products/Debug-iphonesimulator/PayslipMaxUITests-Runner.app/PlugIns/PayslipMaxUITests.xctest/PayslipMaxUITests

CopySwiftLibs /Users/sunil/Library/Developer/Xcode/DerivedData/PayslipMax-hjysiekmgzmtrogwzfdzyahpkkxl/Build/Products/Debug-iphonesimulator/PayslipMaxUITests-Runner.app/PlugIns/PayslipMaxUITests.xctest (in target 'PayslipMaxUITests' from project 'PayslipMax')
    cd /Users/sunil/Downloads/PayslipMax
    builtin-swiftStdLibTool --copy --verbose --sign - --scan-executable /Users/sunil/Library/Developer/Xcode/DerivedData/PayslipMax-hjysiekmgzmtrogwzfdzyahpkkxl/Build/Products/Debug-iphonesimulator/PayslipMaxUITests-Runner.app/PlugIns/PayslipMaxUITests.xctest/PayslipMaxUITests --scan-folder /Users/sunil/Library/Developer/Xcode/DerivedData/PayslipMax-hjysiekmgzmtrogwzfdzyahpkkxl/Build/Products/Debug-iphonesimulator/PayslipMaxUITests-Runner.app/PlugIns/PayslipMaxUITests.xctest/Frameworks --scan-folder /Users/sunil/Library/Developer/Xcode/DerivedData/PayslipMax-hjysiekmgzmtrogwzfdzyahpkkxl/Build/Products/Debug-iphonesimulator/PayslipMaxUITests-Runner.app/PlugIns/PayslipMaxUITests.xctest/PlugIns --scan-folder /Users/sunil/Library/Developer/Xcode/DerivedData/PayslipMax-hjysiekmgzmtrogwzfdzyahpkkxl/Build/Products/Debug-iphonesimulator/PayslipMaxUITests-Runner.app/PlugIns/PayslipMaxUITests.xctest/SystemExtensions --scan-folder /Users/sunil/Library/Developer/Xcode/DerivedData/PayslipMax-hjysiekmgzmtrogwzfdzyahpkkxl/Build/Products/Debug-iphonesimulator/PayslipMaxUITests-Runner.app/PlugIns/PayslipMaxUITests.xctest/Extensions --platform iphonesimulator --toolchain /Applications/Xcode.app/Contents/Developer/Toolchains/XcodeDefault.xctoolchain --destination /Users/sunil/Library/Developer/Xcode/DerivedData/PayslipMax-hjysiekmgzmtrogwzfdzyahpkkxl/Build/Products/Debug-iphonesimulator/PayslipMaxUITests-Runner.app/PlugIns/PayslipMaxUITests.xctest/Frameworks --strip-bitcode --scan-executable /Applications/Xcode.app/Contents/Developer/Platforms/iPhoneSimulator.platform/Developer/usr/lib/libXCTestSwiftSupport.dylib --strip-bitcode-tool /Applications/Xcode.app/Contents/Developer/Toolchains/XcodeDefault.xctoolchain/usr/bin/bitcode_strip --emit-dependency-info /Users/sunil/Library/Developer/Xcode/DerivedData/PayslipMax-hjysiekmgzmtrogwzfdzyahpkkxl/Build/Intermediates.noindex/PayslipMax.build/Debug-iphonesimulator/PayslipMaxUITests.build/SwiftStdLibToolInputDependencies.dep --filter-for-swift-os

ExtractAppIntentsMetadata (in target 'PayslipMaxUITests' from project 'PayslipMax')
    cd /Users/sunil/Downloads/PayslipMax
    /Applications/Xcode.app/Contents/Developer/Toolchains/XcodeDefault.xctoolchain/usr/bin/appintentsmetadataprocessor --toolchain-dir /Applications/Xcode.app/Contents/Developer/Toolchains/XcodeDefault.xctoolchain --module-name PayslipMaxUITests --sdk-root /Applications/Xcode.app/Contents/Developer/Platforms/iPhoneSimulator.platform/Developer/SDKs/iPhoneSimulator26.1.sdk --xcode-version 17B100 --platform-family iOS --deployment-target 18.2 --bundle-identifier com.app.payslipmax.PayslipMaxUITests --output /Users/sunil/Library/Developer/Xcode/DerivedData/PayslipMax-hjysiekmgzmtrogwzfdzyahpkkxl/Build/Products/Debug-iphonesimulator/PayslipMaxUITests-Runner.app/PlugIns/PayslipMaxUITests.xctest --target-triple arm64-apple-ios18.2-simulator --binary-file /Users/sunil/Library/Developer/Xcode/DerivedData/PayslipMax-hjysiekmgzmtrogwzfdzyahpkkxl/Build/Products/Debug-iphonesimulator/PayslipMaxUITests-Runner.app/PlugIns/PayslipMaxUITests.xctest/PayslipMaxUITests --dependency-file /Users/sunil/Library/Developer/Xcode/DerivedData/PayslipMax-hjysiekmgzmtrogwzfdzyahpkkxl/Build/Intermediates.noindex/PayslipMax.build/Debug-iphonesimulator/PayslipMaxUITests.build/Objects-normal/arm64/PayslipMaxUITests_dependency_info.dat --stringsdata-file /Users/sunil/Library/Developer/Xcode/DerivedData/PayslipMax-hjysiekmgzmtrogwzfdzyahpkkxl/Build/Intermediates.noindex/PayslipMax.build/Debug-iphonesimulator/PayslipMaxUITests.build/Objects-normal/arm64/ExtractedAppShortcutsMetadata.stringsdata --source-file-list /Users/sunil/Library/Developer/Xcode/DerivedData/PayslipMax-hjysiekmgzmtrogwzfdzyahpkkxl/Build/Intermediates.noindex/PayslipMax.build/Debug-iphonesimulator/PayslipMaxUITests.build/Objects-normal/arm64/PayslipMaxUITests.SwiftFileList --metadata-file-list /Users/sunil/Library/Developer/Xcode/DerivedData/PayslipMax-hjysiekmgzmtrogwzfdzyahpkkxl/Build/Intermediates.noindex/PayslipMax.build/Debug-iphonesimulator/PayslipMaxUITests.build/PayslipMaxUITests.DependencyMetadataFileList --static-metadata-file-list /Users/sunil/Library/Developer/Xcode/DerivedData/PayslipMax-hjysiekmgzmtrogwzfdzyahpkkxl/Build/Intermediates.noindex/PayslipMax.build/Debug-iphonesimulator/PayslipMaxUITests.build/PayslipMaxUITests.DependencyStaticMetadataFileList --swift-const-vals-list /Users/sunil/Library/Developer/Xcode/DerivedData/PayslipMax-hjysiekmgzmtrogwzfdzyahpkkxl/Build/Intermediates.noindex/PayslipMax.build/Debug-iphonesimulator/PayslipMaxUITests.build/Objects-normal/arm64/PayslipMaxUITests.SwiftConstValuesFileList --compile-time-extraction --deployment-aware-processing --validate-assistant-intents --no-app-shortcuts-localization
2025-11-21 22:34:35.869 appintentsmetadataprocessor[45189:7757787] Starting appintentsmetadataprocessor export
2025-11-21 22:34:35.870 appintentsmetadataprocessor[45189:7757787] warning: Metadata extraction skipped. No AppIntents.framework dependency found.

CodeSign /Users/sunil/Library/Developer/Xcode/DerivedData/PayslipMax-hjysiekmgzmtrogwzfdzyahpkkxl/Build/Products/Debug-iphonesimulator/PayslipMaxUITests-Runner.app/PlugIns/PayslipMaxUITests.xctest (in target 'PayslipMaxUITests' from project 'PayslipMax')
    cd /Users/sunil/Downloads/PayslipMax
    
    Signing Identity:     "Sign to Run Locally"
    
    /usr/bin/codesign --force --sign - --timestamp\=none --generate-entitlement-der /Users/sunil/Library/Developer/Xcode/DerivedData/PayslipMax-hjysiekmgzmtrogwzfdzyahpkkxl/Build/Products/Debug-iphonesimulator/PayslipMaxUITests-Runner.app/PlugIns/PayslipMaxUITests.xctest

CodeSign /Users/sunil/Library/Developer/Xcode/DerivedData/PayslipMax-hjysiekmgzmtrogwzfdzyahpkkxl/Build/Products/Debug-iphonesimulator/PayslipMaxUITests-Runner.app (in target 'PayslipMaxUITests' from project 'PayslipMax')
    cd /Users/sunil/Downloads/PayslipMax
    
    Signing Identity:     "Sign to Run Locally"
    
    /usr/bin/codesign --force --sign - --timestamp\=none --generate-entitlement-der /Users/sunil/Library/Developer/Xcode/DerivedData/PayslipMax-hjysiekmgzmtrogwzfdzyahpkkxl/Build/Products/Debug-iphonesimulator/PayslipMaxUITests-Runner.app
/Users/sunil/Library/Developer/Xcode/DerivedData/PayslipMax-hjysiekmgzmtrogwzfdzyahpkkxl/Build/Products/Debug-iphonesimulator/PayslipMaxUITests-Runner.app: replacing existing signature

2025-11-21 22:34:38.122715+0530 PayslipMaxUITests-Runner[45195:7758035] [Default] Running tests...
    t =      nans Interface orientation changed to Portrait
Test Suite 'Selected tests' started at 2025-11-21 22:34:39.626.
Test Suite 'PayslipMaxUITests.xctest' started at 2025-11-21 22:34:39.626.
Test Suite 'ClearDataFlowTests' started at 2025-11-21 22:34:39.626.
Test Case '-[PayslipMaxUITests.ClearDataFlowTests testClearDataFlow_HomeToSettingsToClear_EnsuresDataConsistency]' started.
    t =     0.00s Start Test at 2025-11-21 22:34:39.627
    t =     0.06s Set Up
    t =     0.06s     Open com.app.payslipmax.PayslipMax
    t =     0.06s         Launch com.app.payslipmax.PayslipMax
    t =     0.73s             Setting up automation session
    t =     1.72s             Wait for com.app.payslipmax.PayslipMax to idle
    t =     3.46s Waiting 5.0s for Button (Element at index 0) to exist
    t =     4.49s     Checking `Expect predicate `existsNoRetry == 1` for object Button (Element at index 0)`
    t =     4.49s         Checking existence of `Button (Element at index 0)`
    t =     4.59s Tap Button (Element at index 0)
    t =     4.59s     Wait for com.app.payslipmax.PayslipMax to idle
    t =     4.60s     Find the Button (Element at index 0)
    t =     4.62s     Check for interrupting elements affecting "Home" Button
    t =     4.66s     Synthesize event
    t =     4.95s     Wait for com.app.payslipmax.PayslipMax to idle
    t =     4.96s Waiting 5.0s for "home_view" Other to exist
    t =     5.99s     Checking `Expect predicate `existsNoRetry == 1` for object "home_view" Other`
    t =     5.99s         Checking existence of `"home_view" Other`
    t =     6.04s         Capturing element debug description
    t =     6.97s     Checking `Expect predicate `existsNoRetry == 1` for object "home_view" Other`
    t =     6.97s         Checking existence of `"home_view" Other`
    t =     7.02s         Capturing element debug description
    t =     8.05s     Checking `Expect predicate `existsNoRetry == 1` for object "home_view" Other`
    t =     8.06s         Checking existence of `"home_view" Other`
    t =     8.10s         Capturing element debug description
    t =     9.02s     Checking `Expect predicate `existsNoRetry == 1` for object "home_view" Other`
    t =     9.02s         Checking existence of `"home_view" Other`
    t =     9.05s         Capturing element debug description
    t =     9.96s     Checking `Expect predicate `existsNoRetry == 1` for object "home_view" Other`
    t =     9.96s         Checking existence of `"home_view" Other`
    t =    10.01s         Capturing element debug description
    t =    10.01s     Checking existence of `"home_view" Other`
    t =    10.04s Collecting debug information to assist test failure triage
    t =    10.04s     Requesting snapshot of accessibility hierarchy for app with pid 45203
/Users/sunil/Downloads/PayslipMax/PayslipMaxUITests/ClearDataFlowTests.swift:37: error: -[PayslipMaxUITests.ClearDataFlowTests testClearDataFlow_HomeToSettingsToClear_EnsuresDataConsistency] : XCTAssertTrue failed
    t =    10.22s Tear Down
    t =    10.22s     Terminate com.app.payslipmax.PayslipMax:45203
Test Case '-[PayslipMaxUITests.ClearDataFlowTests testClearDataFlow_HomeToSettingsToClear_EnsuresDataConsistency]' failed (11.255 seconds).
Test Suite 'ClearDataFlowTests' failed at 2025-11-21 22:34:50.882.
	 Executed 1 test, with 1 failure (0 unexpected) in 11.255 (11.256) seconds
Test Suite 'PayslipMaxUITests.xctest' failed at 2025-11-21 22:34:50.882.
	 Executed 1 test, with 1 failure (0 unexpected) in 11.255 (11.256) seconds
Test Suite 'Selected tests' failed at 2025-11-21 22:34:50.882.
	 Executed 1 test, with 1 failure (0 unexpected) in 11.255 (11.257) seconds
2025-11-21 22:35:00.646 xcodebuild[45164:7757494] [MT] IDETestOperationsObserverDebug: 24.678 elapsed -- Testing started completed.
2025-11-21 22:35:00.646 xcodebuild[45164:7757494] [MT] IDETestOperationsObserverDebug: 0.000 sec, +0.000 sec -- start
2025-11-21 22:35:00.646 xcodebuild[45164:7757494] [MT] IDETestOperationsObserverDebug: 24.678 sec, +24.678 sec -- end

Test session results, code coverage, and logs:
	/Users/sunil/Library/Developer/Xcode/DerivedData/PayslipMax-hjysiekmgzmtrogwzfdzyahpkkxl/Logs/Test/Test-PayslipMax-2025.11.21_22-34-32-+0530.xcresult

** TEST FAILED **

Testing started
