Command line invocation:
    /Applications/Xcode.app/Contents/Developer/usr/bin/xcodebuild test -project PayslipMax.xcodeproj -scheme PayslipMax -destination "platform=iOS Simulator,name=iPhone 16" "-only-testing:PayslipMaxUITests/ClearDataFlowTests"

ComputePackagePrebuildTargetDependencyGraph

Prepare packages

CreateBuildRequest

SendProjectDescription

CreateBuildOperation

ComputeTargetDependencyGraph
note: Building targets in dependency order
note: Target dependency graph (3 targets)
    Target 'PayslipMaxTests' in project 'PayslipMax'
        ➜ Explicit dependency on target 'PayslipMax' in project 'PayslipMax'
    Target 'PayslipMaxUITests' in project 'PayslipMax'
        ➜ Explicit dependency on target 'PayslipMax' in project 'PayslipMax'
    Target 'PayslipMax' in project 'PayslipMax' (no dependencies)

GatherProvisioningInputs

CreateBuildDescription

ExecuteExternalTool /Applications/Xcode.app/Contents/Developer/Toolchains/XcodeDefault.xctoolchain/usr/bin/clang -v -E -dM -isysroot /Applications/Xcode.app/Contents/Developer/Platforms/iPhoneSimulator.platform/Developer/SDKs/iPhoneSimulator26.1.sdk -x c -c /dev/null

ExecuteExternalTool /Applications/Xcode.app/Contents/Developer/Toolchains/XcodeDefault.xctoolchain/usr/bin/swiftc --version

ExecuteExternalTool /Applications/Xcode.app/Contents/Developer/usr/bin/actool --print-asset-tag-combinations --output-format xml1 /Users/sunil/Downloads/PayslipMax/PayslipMax/Preview Content/Preview Assets.xcassets /Users/sunil/Downloads/PayslipMax/PayslipMax/Assets.xcassets

ExecuteExternalTool /Applications/Xcode.app/Contents/Developer/Toolchains/XcodeDefault.xctoolchain/usr/bin/ld -version_details

ExecuteExternalTool /Applications/Xcode.app/Contents/Developer/usr/bin/actool --version --output-format xml1

ReadFileContents /Applications/Xcode.app/Contents/Developer/Toolchains/XcodeDefault.xctoolchain/usr/share/docc/features.json

Build description signature: 4819043348e2fb8c2f6b5b67f07db98b
Build description path: /Users/sunil/Library/Developer/Xcode/DerivedData/PayslipMax-hjysiekmgzmtrogwzfdzyahpkkxl/Build/Intermediates.noindex/XCBuildData/4819043348e2fb8c2f6b5b67f07db98b.xcbuilddata
ClangStatCache /Applications/Xcode.app/Contents/Developer/Toolchains/XcodeDefault.xctoolchain/usr/bin/clang-stat-cache /Applications/Xcode.app/Contents/Developer/Platforms/iPhoneSimulator.platform/Developer/SDKs/iPhoneSimulator26.1.sdk /Users/sunil/Library/Developer/Xcode/DerivedData/SDKStatCaches.noindex/iphonesimulator26.1-23B77-90cf18a4295e390e64c810bc6bd7acbc.sdkstatcache
    cd /Users/sunil/Downloads/PayslipMax/PayslipMax.xcodeproj
    /Applications/Xcode.app/Contents/Developer/Toolchains/XcodeDefault.xctoolchain/usr/bin/clang-stat-cache /Applications/Xcode.app/Contents/Developer/Platforms/iPhoneSimulator.platform/Developer/SDKs/iPhoneSimulator26.1.sdk -o /Users/sunil/Library/Developer/Xcode/DerivedData/SDKStatCaches.noindex/iphonesimulator26.1-23B77-90cf18a4295e390e64c810bc6bd7acbc.sdkstatcache

CopySwiftLibs /Users/sunil/Library/Developer/Xcode/DerivedData/PayslipMax-hjysiekmgzmtrogwzfdzyahpkkxl/Build/Products/Debug-iphonesimulator/PayslipMax.app (in target 'PayslipMax' from project 'PayslipMax')
    cd /Users/sunil/Downloads/PayslipMax
    builtin-swiftStdLibTool --copy --verbose --sign - --scan-executable /Users/sunil/Library/Developer/Xcode/DerivedData/PayslipMax-hjysiekmgzmtrogwzfdzyahpkkxl/Build/Products/Debug-iphonesimulator/PayslipMax.app/PayslipMax.debug.dylib --scan-folder /Users/sunil/Library/Developer/Xcode/DerivedData/PayslipMax-hjysiekmgzmtrogwzfdzyahpkkxl/Build/Products/Debug-iphonesimulator/PayslipMax.app/Frameworks --scan-folder /Users/sunil/Library/Developer/Xcode/DerivedData/PayslipMax-hjysiekmgzmtrogwzfdzyahpkkxl/Build/Products/Debug-iphonesimulator/PayslipMax.app/PlugIns --scan-folder /Users/sunil/Library/Developer/Xcode/DerivedData/PayslipMax-hjysiekmgzmtrogwzfdzyahpkkxl/Build/Products/Debug-iphonesimulator/PayslipMax.app/SystemExtensions --scan-folder /Users/sunil/Library/Developer/Xcode/DerivedData/PayslipMax-hjysiekmgzmtrogwzfdzyahpkkxl/Build/Products/Debug-iphonesimulator/PayslipMax.app/Extensions --platform iphonesimulator --toolchain /Applications/Xcode.app/Contents/Developer/Toolchains/XcodeDefault.xctoolchain --destination /Users/sunil/Library/Developer/Xcode/DerivedData/PayslipMax-hjysiekmgzmtrogwzfdzyahpkkxl/Build/Products/Debug-iphonesimulator/PayslipMax.app/Frameworks --strip-bitcode --strip-bitcode-tool /Applications/Xcode.app/Contents/Developer/Toolchains/XcodeDefault.xctoolchain/usr/bin/bitcode_strip --emit-dependency-info /Users/sunil/Library/Developer/Xcode/DerivedData/PayslipMax-hjysiekmgzmtrogwzfdzyahpkkxl/Build/Intermediates.noindex/PayslipMax.build/Debug-iphonesimulator/PayslipMax.build/SwiftStdLibToolInputDependencies.dep --filter-for-swift-os

ProcessInfoPlistFile /Users/sunil/Library/Developer/Xcode/DerivedData/PayslipMax-hjysiekmgzmtrogwzfdzyahpkkxl/Build/Products/Debug-iphonesimulator/PayslipMax.app/Info.plist /Users/sunil/Downloads/PayslipMax/PayslipMax/Info.plist (in target 'PayslipMax' from project 'PayslipMax')
    cd /Users/sunil/Downloads/PayslipMax
    builtin-infoPlistUtility /Users/sunil/Downloads/PayslipMax/PayslipMax/Info.plist -producttype com.apple.product-type.application -genpkginfo /Users/sunil/Library/Developer/Xcode/DerivedData/PayslipMax-hjysiekmgzmtrogwzfdzyahpkkxl/Build/Products/Debug-iphonesimulator/PayslipMax.app/PkgInfo -expandbuildsettings -format binary -platform iphonesimulator -additionalcontentfile /Users/sunil/Library/Developer/Xcode/DerivedData/PayslipMax-hjysiekmgzmtrogwzfdzyahpkkxl/Build/Intermediates.noindex/PayslipMax.build/Debug-iphonesimulator/PayslipMax.build/assetcatalog_generated_info.plist -o /Users/sunil/Library/Developer/Xcode/DerivedData/PayslipMax-hjysiekmgzmtrogwzfdzyahpkkxl/Build/Products/Debug-iphonesimulator/PayslipMax.app/Info.plist

CopySwiftLibs /Users/sunil/Library/Developer/Xcode/DerivedData/PayslipMax-hjysiekmgzmtrogwzfdzyahpkkxl/Build/Products/Debug-iphonesimulator/PayslipMax.app/PlugIns/PayslipMaxTests.xctest (in target 'PayslipMaxTests' from project 'PayslipMax')
    cd /Users/sunil/Downloads/PayslipMax
    builtin-swiftStdLibTool --copy --verbose --sign - --scan-executable /Users/sunil/Library/Developer/Xcode/DerivedData/PayslipMax-hjysiekmgzmtrogwzfdzyahpkkxl/Build/Products/Debug-iphonesimulator/PayslipMax.app/PlugIns/PayslipMaxTests.xctest/PayslipMaxTests --scan-folder /Users/sunil/Library/Developer/Xcode/DerivedData/PayslipMax-hjysiekmgzmtrogwzfdzyahpkkxl/Build/Products/Debug-iphonesimulator/PayslipMax.app/PlugIns/PayslipMaxTests.xctest/Frameworks --scan-folder /Users/sunil/Library/Developer/Xcode/DerivedData/PayslipMax-hjysiekmgzmtrogwzfdzyahpkkxl/Build/Products/Debug-iphonesimulator/PayslipMax.app/PlugIns/PayslipMaxTests.xctest/PlugIns --scan-folder /Users/sunil/Library/Developer/Xcode/DerivedData/PayslipMax-hjysiekmgzmtrogwzfdzyahpkkxl/Build/Products/Debug-iphonesimulator/PayslipMax.app/PlugIns/PayslipMaxTests.xctest/SystemExtensions --scan-folder /Users/sunil/Library/Developer/Xcode/DerivedData/PayslipMax-hjysiekmgzmtrogwzfdzyahpkkxl/Build/Products/Debug-iphonesimulator/PayslipMax.app/PlugIns/PayslipMaxTests.xctest/Extensions --scan-folder /Applications/Xcode.app/Contents/Developer/Platforms/iPhoneOS.platform/Developer/Library/Frameworks/XCTest.framework --platform iphonesimulator --toolchain /Applications/Xcode.app/Contents/Developer/Toolchains/XcodeDefault.xctoolchain --destination /Users/sunil/Library/Developer/Xcode/DerivedData/PayslipMax-hjysiekmgzmtrogwzfdzyahpkkxl/Build/Products/Debug-iphonesimulator/PayslipMax.app/PlugIns/PayslipMaxTests.xctest/Frameworks --strip-bitcode --scan-executable /Applications/Xcode.app/Contents/Developer/Platforms/iPhoneSimulator.platform/Developer/usr/lib/libXCTestSwiftSupport.dylib --strip-bitcode-tool /Applications/Xcode.app/Contents/Developer/Toolchains/XcodeDefault.xctoolchain/usr/bin/bitcode_strip --emit-dependency-info /Users/sunil/Library/Developer/Xcode/DerivedData/PayslipMax-hjysiekmgzmtrogwzfdzyahpkkxl/Build/Intermediates.noindex/PayslipMax.build/Debug-iphonesimulator/PayslipMaxTests.build/SwiftStdLibToolInputDependencies.dep --filter-for-swift-os

ProcessInfoPlistFile /Users/sunil/Library/Developer/Xcode/DerivedData/PayslipMax-hjysiekmgzmtrogwzfdzyahpkkxl/Build/Products/Debug-iphonesimulator/PayslipMax.app/PlugIns/PayslipMaxTests.xctest/Info.plist /Users/sunil/Library/Developer/Xcode/DerivedData/PayslipMax-hjysiekmgzmtrogwzfdzyahpkkxl/Build/Intermediates.noindex/PayslipMax.build/Debug-iphonesimulator/PayslipMaxTests.build/empty-PayslipMaxTests.plist (in target 'PayslipMaxTests' from project 'PayslipMax')
    cd /Users/sunil/Downloads/PayslipMax
    builtin-infoPlistUtility /Users/sunil/Library/Developer/Xcode/DerivedData/PayslipMax-hjysiekmgzmtrogwzfdzyahpkkxl/Build/Intermediates.noindex/PayslipMax.build/Debug-iphonesimulator/PayslipMaxTests.build/empty-PayslipMaxTests.plist -producttype com.apple.product-type.bundle.unit-test -expandbuildsettings -format binary -platform iphonesimulator -o /Users/sunil/Library/Developer/Xcode/DerivedData/PayslipMax-hjysiekmgzmtrogwzfdzyahpkkxl/Build/Products/Debug-iphonesimulator/PayslipMax.app/PlugIns/PayslipMaxTests.xctest/Info.plist

ProcessInfoPlistFile /Users/sunil/Library/Developer/Xcode/DerivedData/PayslipMax-hjysiekmgzmtrogwzfdzyahpkkxl/Build/Products/Debug-iphonesimulator/PayslipMaxUITests-Runner.app/PlugIns/PayslipMaxUITests.xctest/Info.plist /Users/sunil/Library/Developer/Xcode/DerivedData/PayslipMax-hjysiekmgzmtrogwzfdzyahpkkxl/Build/Intermediates.noindex/PayslipMax.build/Debug-iphonesimulator/PayslipMaxUITests.build/empty-PayslipMaxUITests.plist (in target 'PayslipMaxUITests' from project 'PayslipMax')
    cd /Users/sunil/Downloads/PayslipMax
    builtin-infoPlistUtility /Users/sunil/Library/Developer/Xcode/DerivedData/PayslipMax-hjysiekmgzmtrogwzfdzyahpkkxl/Build/Intermediates.noindex/PayslipMax.build/Debug-iphonesimulator/PayslipMaxUITests.build/empty-PayslipMaxUITests.plist -producttype com.apple.product-type.bundle.ui-testing -expandbuildsettings -format binary -platform iphonesimulator -additionalcontentfile /Users/sunil/Library/Developer/Xcode/DerivedData/PayslipMax-hjysiekmgzmtrogwzfdzyahpkkxl/Build/Intermediates.noindex/PayslipMax.build/Debug-iphonesimulator/PayslipMaxUITests.build/ProductTypeInfoPlistAdditions.plist -o /Users/sunil/Library/Developer/Xcode/DerivedData/PayslipMax-hjysiekmgzmtrogwzfdzyahpkkxl/Build/Products/Debug-iphonesimulator/PayslipMaxUITests-Runner.app/PlugIns/PayslipMaxUITests.xctest/Info.plist

CopySwiftLibs /Users/sunil/Library/Developer/Xcode/DerivedData/PayslipMax-hjysiekmgzmtrogwzfdzyahpkkxl/Build/Products/Debug-iphonesimulator/PayslipMaxUITests-Runner.app/PlugIns/PayslipMaxUITests.xctest (in target 'PayslipMaxUITests' from project 'PayslipMax')
    cd /Users/sunil/Downloads/PayslipMax
    builtin-swiftStdLibTool --copy --verbose --sign - --scan-executable /Users/sunil/Library/Developer/Xcode/DerivedData/PayslipMax-hjysiekmgzmtrogwzfdzyahpkkxl/Build/Products/Debug-iphonesimulator/PayslipMaxUITests-Runner.app/PlugIns/PayslipMaxUITests.xctest/PayslipMaxUITests --scan-folder /Users/sunil/Library/Developer/Xcode/DerivedData/PayslipMax-hjysiekmgzmtrogwzfdzyahpkkxl/Build/Products/Debug-iphonesimulator/PayslipMaxUITests-Runner.app/PlugIns/PayslipMaxUITests.xctest/Frameworks --scan-folder /Users/sunil/Library/Developer/Xcode/DerivedData/PayslipMax-hjysiekmgzmtrogwzfdzyahpkkxl/Build/Products/Debug-iphonesimulator/PayslipMaxUITests-Runner.app/PlugIns/PayslipMaxUITests.xctest/PlugIns --scan-folder /Users/sunil/Library/Developer/Xcode/DerivedData/PayslipMax-hjysiekmgzmtrogwzfdzyahpkkxl/Build/Products/Debug-iphonesimulator/PayslipMaxUITests-Runner.app/PlugIns/PayslipMaxUITests.xctest/SystemExtensions --scan-folder /Users/sunil/Library/Developer/Xcode/DerivedData/PayslipMax-hjysiekmgzmtrogwzfdzyahpkkxl/Build/Products/Debug-iphonesimulator/PayslipMaxUITests-Runner.app/PlugIns/PayslipMaxUITests.xctest/Extensions --platform iphonesimulator --toolchain /Applications/Xcode.app/Contents/Developer/Toolchains/XcodeDefault.xctoolchain --destination /Users/sunil/Library/Developer/Xcode/DerivedData/PayslipMax-hjysiekmgzmtrogwzfdzyahpkkxl/Build/Products/Debug-iphonesimulator/PayslipMaxUITests-Runner.app/PlugIns/PayslipMaxUITests.xctest/Frameworks --strip-bitcode --scan-executable /Applications/Xcode.app/Contents/Developer/Platforms/iPhoneSimulator.platform/Developer/usr/lib/libXCTestSwiftSupport.dylib --strip-bitcode-tool /Applications/Xcode.app/Contents/Developer/Toolchains/XcodeDefault.xctoolchain/usr/bin/bitcode_strip --emit-dependency-info /Users/sunil/Library/Developer/Xcode/DerivedData/PayslipMax-hjysiekmgzmtrogwzfdzyahpkkxl/Build/Intermediates.noindex/PayslipMax.build/Debug-iphonesimulator/PayslipMaxUITests.build/SwiftStdLibToolInputDependencies.dep --filter-for-swift-os

2025-11-21 22:23:13.385322+0530 PayslipMaxUITests-Runner[41455:7715120] [Default] Running tests...
    t =      nans Interface orientation changed to Portrait
Test Suite 'Selected tests' started at 2025-11-21 22:23:15.110.
Test Suite 'PayslipMaxUITests.xctest' started at 2025-11-21 22:23:15.110.
Test Suite 'ClearDataFlowTests' started at 2025-11-21 22:23:15.110.
Test Case '-[PayslipMaxUITests.ClearDataFlowTests testClearDataFlow_ErrorHandling_ShowsErrorMessage]' started.
    t =     0.00s Start Test at 2025-11-21 22:23:15.111
    t =     0.12s Set Up
    t =     0.12s     Open com.app.payslipmax.PayslipMax
    t =     0.12s         Launch com.app.payslipmax.PayslipMax
    t =     0.75s             Setting up automation session
    t =     1.81s             Wait for com.app.payslipmax.PayslipMax to idle
    t =     3.64s Waiting 5.0s for Button (Element at index 3) to exist
    t =     4.68s     Checking `Expect predicate `existsNoRetry == 1` for object Button (Element at index 3)`
    t =     4.68s         Checking existence of `Button (Element at index 3)`
    t =     4.80s Tap Button (Element at index 3)
    t =     4.80s     Wait for com.app.payslipmax.PayslipMax to idle
    t =     4.80s     Find the Button (Element at index 3)
    t =     4.84s     Check for interrupting elements affecting "Settings" Button
    t =     4.89s     Synthesize event
    t =     5.19s     Wait for com.app.payslipmax.PayslipMax to idle
    t =     5.39s Waiting 5.0s for "Data Management" Button to exist
    t =     6.42s     Checking `Expect predicate `existsNoRetry == 1` for object "Data Management" Button`
    t =     6.42s         Checking existence of `"Data Management" Button`
    t =     6.49s         Capturing element debug description
    t =     7.42s     Checking `Expect predicate `existsNoRetry == 1` for object "Data Management" Button`
    t =     7.42s         Checking existence of `"Data Management" Button`
    t =     7.47s         Capturing element debug description
    t =     8.40s     Checking `Expect predicate `existsNoRetry == 1` for object "Data Management" Button`
    t =     8.40s         Checking existence of `"Data Management" Button`
    t =     8.45s         Capturing element debug description
    t =     9.47s     Checking `Expect predicate `existsNoRetry == 1` for object "Data Management" Button`
    t =     9.47s         Checking existence of `"Data Management" Button`
    t =     9.52s         Capturing element debug description
    t =    10.39s     Checking `Expect predicate `existsNoRetry == 1` for object "Data Management" Button`
    t =    10.39s         Checking existence of `"Data Management" Button`
    t =    10.44s         Capturing element debug description
    t =    10.45s     Checking existence of `"Data Management" Button`
    t =    10.50s Collecting debug information to assist test failure triage
    t =    10.50s     Requesting snapshot of accessibility hierarchy for app with pid 41466
/Users/sunil/Downloads/PayslipMax/PayslipMaxUITests/ClearDataFlowTests.swift:164: error: -[PayslipMaxUITests.ClearDataFlowTests testClearDataFlow_ErrorHandling_ShowsErrorMessage] : XCTAssertTrue failed
    t =    11.11s Tear Down
    t =    11.11s     Terminate com.app.payslipmax.PayslipMax:41466
Test Case '-[PayslipMaxUITests.ClearDataFlowTests testClearDataFlow_ErrorHandling_ShowsErrorMessage]' failed (12.209 seconds).
Test Case '-[PayslipMaxUITests.ClearDataFlowTests testClearDataFlow_HomeToSettingsToClear_EnsuresDataConsistency]' started.
    t =     0.00s Start Test at 2025-11-21 22:23:27.322
    t =     0.02s Set Up
    t =     0.02s     Open com.app.payslipmax.PayslipMax
    t =     0.02s         Launch com.app.payslipmax.PayslipMax
    t =     0.44s             Setting up automation session
    t =     1.28s             Wait for com.app.payslipmax.PayslipMax to idle
    t =     2.67s Waiting 5.0s for Button (Element at index 0) to exist
    t =     3.71s     Checking `Expect predicate `existsNoRetry == 1` for object Button (Element at index 0)`
    t =     3.71s         Checking existence of `Button (Element at index 0)`
    t =     3.83s Tap Button (Element at index 0)
    t =     3.83s     Wait for com.app.payslipmax.PayslipMax to idle
    t =     3.83s     Find the Button (Element at index 0)
    t =     3.87s     Check for interrupting elements affecting "Home" Button
    t =     3.93s     Synthesize event
    t =     4.23s     Wait for com.app.payslipmax.PayslipMax to idle
    t =     4.23s Waiting 5.0s for "home_view" Other to exist
    t =     5.26s     Checking `Expect predicate `existsNoRetry == 1` for object "home_view" Other`
    t =     5.26s         Checking existence of `"home_view" Other`
    t =     5.34s         Capturing element debug description
    t =     6.27s     Checking `Expect predicate `existsNoRetry == 1` for object "home_view" Other`
    t =     6.27s         Checking existence of `"home_view" Other`
    t =     6.32s         Capturing element debug description
    t =     7.25s     Checking `Expect predicate `existsNoRetry == 1` for object "home_view" Other`
    t =     7.25s         Checking existence of `"home_view" Other`
    t =     7.29s         Capturing element debug description
    t =     8.32s     Checking `Expect predicate `existsNoRetry == 1` for object "home_view" Other`
    t =     8.32s         Checking existence of `"home_view" Other`
    t =     8.37s         Capturing element debug description
    t =     9.24s     Checking `Expect predicate `existsNoRetry == 1` for object "home_view" Other`
    t =     9.24s         Checking existence of `"home_view" Other`
    t =     9.28s         Capturing element debug description
    t =     9.28s     Checking existence of `"home_view" Other`
    t =     9.32s Collecting debug information to assist test failure triage
    t =     9.32s     Requesting snapshot of accessibility hierarchy for app with pid 41505
/Users/sunil/Downloads/PayslipMax/PayslipMaxUITests/ClearDataFlowTests.swift:37: error: -[PayslipMaxUITests.ClearDataFlowTests testClearDataFlow_HomeToSettingsToClear_EnsuresDataConsistency] : XCTAssertTrue failed
    t =     9.39s Tear Down
    t =     9.39s     Terminate com.app.payslipmax.PayslipMax:41505
Test Case '-[PayslipMaxUITests.ClearDataFlowTests testClearDataFlow_HomeToSettingsToClear_EnsuresDataConsistency]' failed (10.562 seconds).
Test Case '-[PayslipMaxUITests.ClearDataFlowTests testClearDataFlow_WithExistingData_ShowsConfirmationDialog]' started.
    t =     0.00s Start Test at 2025-11-21 22:23:37.887
    t =     0.04s Set Up
    t =     0.04s     Open com.app.payslipmax.PayslipMax
    t =     0.04s         Launch com.app.payslipmax.PayslipMax
    t =     0.69s             Setting up automation session
    t =     1.86s             Wait for com.app.payslipmax.PayslipMax to idle
    t =     3.52s Waiting 5.0s for Button (Element at index 3) to exist
    t =     4.55s     Checking `Expect predicate `existsNoRetry == 1` for object Button (Element at index 3)`
    t =     4.55s         Checking existence of `Button (Element at index 3)`
    t =     4.64s Tap Button (Element at index 3)
    t =     4.64s     Wait for com.app.payslipmax.PayslipMax to idle
    t =     4.65s     Find the Button (Element at index 3)
    t =     4.67s     Check for interrupting elements affecting "Settings" Button
    t =     4.70s     Synthesize event
    t =     5.00s     Wait for com.app.payslipmax.PayslipMax to idle
    t =     5.18s Waiting 5.0s for "Data Management" Button to exist
    t =     6.21s     Checking `Expect predicate `existsNoRetry == 1` for object "Data Management" Button`
    t =     6.21s         Checking existence of `"Data Management" Button`
    t =     6.30s         Capturing element debug description
    t =     7.24s     Checking `Expect predicate `existsNoRetry == 1` for object "Data Management" Button`
    t =     7.24s         Checking existence of `"Data Management" Button`
    t =     7.28s         Capturing element debug description
    t =     8.20s     Checking `Expect predicate `existsNoRetry == 1` for object "Data Management" Button`
    t =     8.20s         Checking existence of `"Data Management" Button`
    t =     8.26s         Capturing element debug description
    t =     9.18s     Checking `Expect predicate `existsNoRetry == 1` for object "Data Management" Button`
    t =     9.18s         Checking existence of `"Data Management" Button`
    t =     9.24s         Capturing element debug description
    t =    10.18s     Checking `Expect predicate `existsNoRetry == 1` for object "Data Management" Button`
    t =    10.19s         Checking existence of `"Data Management" Button`
    t =    10.24s         Capturing element debug description
    t =    10.25s     Checking existence of `"Data Management" Button`
    t =    10.28s Collecting debug information to assist test failure triage
    t =    10.28s     Requesting snapshot of accessibility hierarchy for app with pid 41583
/Users/sunil/Downloads/PayslipMax/PayslipMaxUITests/ClearDataFlowTests.swift:127: error: -[PayslipMaxUITests.ClearDataFlowTests testClearDataFlow_WithExistingData_ShowsConfirmationDialog] : XCTAssertTrue failed
    t =    10.33s Tear Down
    t =    10.33s     Terminate com.app.payslipmax.PayslipMax:41583
Test Case '-[PayslipMaxUITests.ClearDataFlowTests testClearDataFlow_WithExistingData_ShowsConfirmationDialog]' failed (11.416 seconds).
Test Suite 'ClearDataFlowTests' failed at 2025-11-21 22:23:49.301.
	 Executed 3 tests, with 3 failures (0 unexpected) in 34.188 (34.191) seconds
Test Suite 'PayslipMaxUITests.xctest' failed at 2025-11-21 22:23:49.302.
	 Executed 3 tests, with 3 failures (0 unexpected) in 34.188 (34.192) seconds
Test Suite 'Selected tests' failed at 2025-11-21 22:23:49.303.
	 Executed 3 tests, with 3 failures (0 unexpected) in 34.188 (34.193) seconds
2025-11-21 22:24:00.674 xcodebuild[41413:7714478] [MT] IDETestOperationsObserverDebug: 50.283 elapsed -- Testing started completed.
2025-11-21 22:24:00.674 xcodebuild[41413:7714478] [MT] IDETestOperationsObserverDebug: 0.000 sec, +0.000 sec -- start
2025-11-21 22:24:00.674 xcodebuild[41413:7714478] [MT] IDETestOperationsObserverDebug: 50.283 sec, +50.283 sec -- end

Test session results, code coverage, and logs:
	/Users/sunil/Library/Developer/Xcode/DerivedData/PayslipMax-hjysiekmgzmtrogwzfdzyahpkkxl/Logs/Test/Test-PayslipMax-2025.11.21_22-23-05-+0530.xcresult

** TEST FAILED **

Testing started
