Command line invocation:
    /Applications/Xcode.app/Contents/Developer/usr/bin/xcodebuild test -project PayslipMax.xcodeproj -scheme PayslipMax -destination "platform=iOS Simulator,name=iPhone 16" "-only-testing:PayslipMaxUITests/ClearDataFlowTests"

ComputePackagePrebuildTargetDependencyGraph

Prepare packages

CreateBuildRequest

SendProjectDescription

CreateBuildOperation

ComputeTargetDependencyGraph
note: Building targets in dependency order
note: Target dependency graph (3 targets)
    Target 'PayslipMaxTests' in project 'PayslipMax'
        ➜ Explicit dependency on target 'PayslipMax' in project 'PayslipMax'
    Target 'PayslipMaxUITests' in project 'PayslipMax'
        ➜ Explicit dependency on target 'PayslipMax' in project 'PayslipMax'
    Target 'PayslipMax' in project 'PayslipMax' (no dependencies)

GatherProvisioningInputs

CreateBuildDescription

ExecuteExternalTool /Applications/Xcode.app/Contents/Developer/Toolchains/XcodeDefault.xctoolchain/usr/bin/clang -v -E -dM -isysroot /Applications/Xcode.app/Contents/Developer/Platforms/iPhoneSimulator.platform/Developer/SDKs/iPhoneSimulator26.1.sdk -x c -c /dev/null

ExecuteExternalTool /Applications/Xcode.app/Contents/Developer/Toolchains/XcodeDefault.xctoolchain/usr/bin/swiftc --version

ExecuteExternalTool /Applications/Xcode.app/Contents/Developer/usr/bin/actool --print-asset-tag-combinations --output-format xml1 /Users/sunil/Downloads/PayslipMax/PayslipMax/Preview Content/Preview Assets.xcassets /Users/sunil/Downloads/PayslipMax/PayslipMax/Assets.xcassets

ExecuteExternalTool /Applications/Xcode.app/Contents/Developer/usr/bin/actool --version --output-format xml1

ExecuteExternalTool /Applications/Xcode.app/Contents/Developer/Toolchains/XcodeDefault.xctoolchain/usr/bin/ld -version_details

ReadFileContents /Applications/Xcode.app/Contents/Developer/Toolchains/XcodeDefault.xctoolchain/usr/share/docc/features.json

Build description signature: 521c179ab3fd9d56c3c327dc776e81c4
Build description path: /Users/sunil/Library/Developer/Xcode/DerivedData/PayslipMax-hjysiekmgzmtrogwzfdzyahpkkxl/Build/Intermediates.noindex/XCBuildData/521c179ab3fd9d56c3c327dc776e81c4.xcbuilddata
ClangStatCache /Applications/Xcode.app/Contents/Developer/Toolchains/XcodeDefault.xctoolchain/usr/bin/clang-stat-cache /Applications/Xcode.app/Contents/Developer/Platforms/iPhoneSimulator.platform/Developer/SDKs/iPhoneSimulator26.1.sdk /Users/sunil/Library/Developer/Xcode/DerivedData/SDKStatCaches.noindex/iphonesimulator26.1-23B77-90cf18a4295e390e64c810bc6bd7acbc.sdkstatcache
    cd /Users/sunil/Downloads/PayslipMax/PayslipMax.xcodeproj
    /Applications/Xcode.app/Contents/Developer/Toolchains/XcodeDefault.xctoolchain/usr/bin/clang-stat-cache /Applications/Xcode.app/Contents/Developer/Platforms/iPhoneSimulator.platform/Developer/SDKs/iPhoneSimulator26.1.sdk -o /Users/sunil/Library/Developer/Xcode/DerivedData/SDKStatCaches.noindex/iphonesimulator26.1-23B77-90cf18a4295e390e64c810bc6bd7acbc.sdkstatcache

SwiftDriver PayslipMaxUITests normal arm64 com.apple.xcode.tools.swift.compiler (in target 'PayslipMaxUITests' from project 'PayslipMax')
    cd /Users/sunil/Downloads/PayslipMax
    builtin-SwiftDriver -- /Applications/Xcode.app/Contents/Developer/Toolchains/XcodeDefault.xctoolchain/usr/bin/swiftc -module-name PayslipMaxUITests -Onone -enforce-exclusivity\=checked @/Users/sunil/Library/Developer/Xcode/DerivedData/PayslipMax-hjysiekmgzmtrogwzfdzyahpkkxl/Build/Intermediates.noindex/PayslipMax.build/Debug-iphonesimulator/PayslipMaxUITests.build/Objects-normal/arm64/PayslipMaxUITests.SwiftFileList -DDEBUG -module-alias Testing\=_Testing_Unavailable -plugin-path /Applications/Xcode.app/Contents/Developer/Toolchains/XcodeDefault.xctoolchain/usr/lib/swift/host/plugins/testing -enable-bare-slash-regex -enable-experimental-feature DebugDescriptionMacro -sdk /Applications/Xcode.app/Contents/Developer/Platforms/iPhoneSimulator.platform/Developer/SDKs/iPhoneSimulator26.1.sdk -target arm64-apple-ios18.2-simulator -g -module-cache-path /Users/sunil/Library/Developer/Xcode/DerivedData/ModuleCache.noindex -Xfrontend -serialize-debugging-options -profile-coverage-mapping -profile-generate -enable-testing -index-store-path /Users/sunil/Library/Developer/Xcode/DerivedData/PayslipMax-hjysiekmgzmtrogwzfdzyahpkkxl/Index.noindex/DataStore -Xcc -D_LIBCPP_HARDENING_MODE\=_LIBCPP_HARDENING_MODE_DEBUG -swift-version 5 -I /Users/sunil/Library/Developer/Xcode/DerivedData/PayslipMax-hjysiekmgzmtrogwzfdzyahpkkxl/Build/Products/Debug-iphonesimulator -Isystem /Applications/Xcode.app/Contents/Developer/Platforms/iPhoneSimulator.platform/Developer/usr/lib -F /Users/sunil/Library/Developer/Xcode/DerivedData/PayslipMax-hjysiekmgzmtrogwzfdzyahpkkxl/Build/Products/Debug-iphonesimulator -F /Applications/Xcode.app/Contents/Developer/Platforms/iPhoneSimulator.platform/Developer/Library/Frameworks -F /Applications/Xcode.app/Contents/Developer/Platforms/iPhoneSimulator.platform/Developer/SDKs/iPhoneSimulator26.1.sdk/Developer/Library/Frameworks -c -j10 -enable-batch-mode -incremental -Xcc -ivfsstatcache -Xcc /Users/sunil/Library/Developer/Xcode/DerivedData/SDKStatCaches.noindex/iphonesimulator26.1-23B77-90cf18a4295e390e64c810bc6bd7acbc.sdkstatcache -output-file-map /Users/sunil/Library/Developer/Xcode/DerivedData/PayslipMax-hjysiekmgzmtrogwzfdzyahpkkxl/Build/Intermediates.noindex/PayslipMax.build/Debug-iphonesimulator/PayslipMaxUITests.build/Objects-normal/arm64/PayslipMaxUITests-OutputFileMap.json -use-frontend-parseable-output -save-temps -no-color-diagnostics -explicit-module-build -module-cache-path /Users/sunil/Library/Developer/Xcode/DerivedData/PayslipMax-hjysiekmgzmtrogwzfdzyahpkkxl/Build/Intermediates.noindex/SwiftExplicitPrecompiledModules -clang-scanner-module-cache-path /Users/sunil/Library/Developer/Xcode/DerivedData/ModuleCache.noindex -sdk-module-cache-path /Users/sunil/Library/Developer/Xcode/DerivedData/ModuleCache.noindex -serialize-diagnostics -emit-dependencies -emit-module -emit-module-path /Users/sunil/Library/Developer/Xcode/DerivedData/PayslipMax-hjysiekmgzmtrogwzfdzyahpkkxl/Build/Intermediates.noindex/PayslipMax.build/Debug-iphonesimulator/PayslipMaxUITests.build/Objects-normal/arm64/PayslipMaxUITests.swiftmodule -validate-clang-modules-once -clang-build-session-file /Users/sunil/Library/Developer/Xcode/DerivedData/ModuleCache.noindex/Session.modulevalidation -Xcc -I/Users/sunil/Library/Developer/Xcode/DerivedData/PayslipMax-hjysiekmgzmtrogwzfdzyahpkkxl/Build/Intermediates.noindex/PayslipMax.build/Debug-iphonesimulator/PayslipMaxUITests.build/swift-overrides.hmap -emit-const-values -Xfrontend -const-gather-protocols-file -Xfrontend /Users/sunil/Library/Developer/Xcode/DerivedData/PayslipMax-hjysiekmgzmtrogwzfdzyahpkkxl/Build/Intermediates.noindex/PayslipMax.build/Debug-iphonesimulator/PayslipMaxUITests.build/Objects-normal/arm64/PayslipMaxUITests_const_extract_protocols.json -Xcc -iquote -Xcc /Users/sunil/Library/Developer/Xcode/DerivedData/PayslipMax-hjysiekmgzmtrogwzfdzyahpkkxl/Build/Intermediates.noindex/PayslipMax.build/Debug-iphonesimulator/PayslipMaxUITests.build/PayslipMaxUITests-generated-files.hmap -Xcc -I/Users/sunil/Library/Developer/Xcode/DerivedData/PayslipMax-hjysiekmgzmtrogwzfdzyahpkkxl/Build/Intermediates.noindex/PayslipMax.build/Debug-iphonesimulator/PayslipMaxUITests.build/PayslipMaxUITests-own-target-headers.hmap -Xcc -I/Users/sunil/Library/Developer/Xcode/DerivedData/PayslipMax-hjysiekmgzmtrogwzfdzyahpkkxl/Build/Intermediates.noindex/PayslipMax.build/Debug-iphonesimulator/PayslipMaxUITests.build/PayslipMaxUITests-all-target-headers.hmap -Xcc -iquote -Xcc /Users/sunil/Library/Developer/Xcode/DerivedData/PayslipMax-hjysiekmgzmtrogwzfdzyahpkkxl/Build/Intermediates.noindex/PayslipMax.build/Debug-iphonesimulator/PayslipMaxUITests.build/PayslipMaxUITests-project-headers.hmap -Xcc -I/Users/sunil/Library/Developer/Xcode/DerivedData/PayslipMax-hjysiekmgzmtrogwzfdzyahpkkxl/Build/Products/Debug-iphonesimulator/include -Xcc -I/Users/sunil/Library/Developer/Xcode/DerivedData/PayslipMax-hjysiekmgzmtrogwzfdzyahpkkxl/Build/Intermediates.noindex/PayslipMax.build/Debug-iphonesimulator/PayslipMaxUITests.build/DerivedSources-normal/arm64 -Xcc -I/Users/sunil/Library/Developer/Xcode/DerivedData/PayslipMax-hjysiekmgzmtrogwzfdzyahpkkxl/Build/Intermediates.noindex/PayslipMax.build/Debug-iphonesimulator/PayslipMaxUITests.build/DerivedSources/arm64 -Xcc -I/Users/sunil/Library/Developer/Xcode/DerivedData/PayslipMax-hjysiekmgzmtrogwzfdzyahpkkxl/Build/Intermediates.noindex/PayslipMax.build/Debug-iphonesimulator/PayslipMaxUITests.build/DerivedSources -Xcc -DDEBUG\=1 -emit-objc-header -emit-objc-header-path /Users/sunil/Library/Developer/Xcode/DerivedData/PayslipMax-hjysiekmgzmtrogwzfdzyahpkkxl/Build/Intermediates.noindex/PayslipMax.build/Debug-iphonesimulator/PayslipMaxUITests.build/Objects-normal/arm64/PayslipMaxUITests-Swift.h -working-directory /Users/sunil/Downloads/PayslipMax -experimental-emit-module-separately -disable-cmo

CopySwiftLibs /Users/sunil/Library/Developer/Xcode/DerivedData/PayslipMax-hjysiekmgzmtrogwzfdzyahpkkxl/Build/Products/Debug-iphonesimulator/PayslipMax.app (in target 'PayslipMax' from project 'PayslipMax')
    cd /Users/sunil/Downloads/PayslipMax
    builtin-swiftStdLibTool --copy --verbose --sign - --scan-executable /Users/sunil/Library/Developer/Xcode/DerivedData/PayslipMax-hjysiekmgzmtrogwzfdzyahpkkxl/Build/Products/Debug-iphonesimulator/PayslipMax.app/PayslipMax.debug.dylib --scan-folder /Users/sunil/Library/Developer/Xcode/DerivedData/PayslipMax-hjysiekmgzmtrogwzfdzyahpkkxl/Build/Products/Debug-iphonesimulator/PayslipMax.app/Frameworks --scan-folder /Users/sunil/Library/Developer/Xcode/DerivedData/PayslipMax-hjysiekmgzmtrogwzfdzyahpkkxl/Build/Products/Debug-iphonesimulator/PayslipMax.app/PlugIns --scan-folder /Users/sunil/Library/Developer/Xcode/DerivedData/PayslipMax-hjysiekmgzmtrogwzfdzyahpkkxl/Build/Products/Debug-iphonesimulator/PayslipMax.app/SystemExtensions --scan-folder /Users/sunil/Library/Developer/Xcode/DerivedData/PayslipMax-hjysiekmgzmtrogwzfdzyahpkkxl/Build/Products/Debug-iphonesimulator/PayslipMax.app/Extensions --platform iphonesimulator --toolchain /Applications/Xcode.app/Contents/Developer/Toolchains/XcodeDefault.xctoolchain --destination /Users/sunil/Library/Developer/Xcode/DerivedData/PayslipMax-hjysiekmgzmtrogwzfdzyahpkkxl/Build/Products/Debug-iphonesimulator/PayslipMax.app/Frameworks --strip-bitcode --strip-bitcode-tool /Applications/Xcode.app/Contents/Developer/Toolchains/XcodeDefault.xctoolchain/usr/bin/bitcode_strip --emit-dependency-info /Users/sunil/Library/Developer/Xcode/DerivedData/PayslipMax-hjysiekmgzmtrogwzfdzyahpkkxl/Build/Intermediates.noindex/PayslipMax.build/Debug-iphonesimulator/PayslipMax.build/SwiftStdLibToolInputDependencies.dep --filter-for-swift-os

ProcessInfoPlistFile /Users/sunil/Library/Developer/Xcode/DerivedData/PayslipMax-hjysiekmgzmtrogwzfdzyahpkkxl/Build/Products/Debug-iphonesimulator/PayslipMax.app/Info.plist /Users/sunil/Downloads/PayslipMax/PayslipMax/Info.plist (in target 'PayslipMax' from project 'PayslipMax')
    cd /Users/sunil/Downloads/PayslipMax
    builtin-infoPlistUtility /Users/sunil/Downloads/PayslipMax/PayslipMax/Info.plist -producttype com.apple.product-type.application -genpkginfo /Users/sunil/Library/Developer/Xcode/DerivedData/PayslipMax-hjysiekmgzmtrogwzfdzyahpkkxl/Build/Products/Debug-iphonesimulator/PayslipMax.app/PkgInfo -expandbuildsettings -format binary -platform iphonesimulator -additionalcontentfile /Users/sunil/Library/Developer/Xcode/DerivedData/PayslipMax-hjysiekmgzmtrogwzfdzyahpkkxl/Build/Intermediates.noindex/PayslipMax.build/Debug-iphonesimulator/PayslipMax.build/assetcatalog_generated_info.plist -o /Users/sunil/Library/Developer/Xcode/DerivedData/PayslipMax-hjysiekmgzmtrogwzfdzyahpkkxl/Build/Products/Debug-iphonesimulator/PayslipMax.app/Info.plist

CopySwiftLibs /Users/sunil/Library/Developer/Xcode/DerivedData/PayslipMax-hjysiekmgzmtrogwzfdzyahpkkxl/Build/Products/Debug-iphonesimulator/PayslipMax.app/PlugIns/PayslipMaxTests.xctest (in target 'PayslipMaxTests' from project 'PayslipMax')
    cd /Users/sunil/Downloads/PayslipMax
    builtin-swiftStdLibTool --copy --verbose --sign - --scan-executable /Users/sunil/Library/Developer/Xcode/DerivedData/PayslipMax-hjysiekmgzmtrogwzfdzyahpkkxl/Build/Products/Debug-iphonesimulator/PayslipMax.app/PlugIns/PayslipMaxTests.xctest/PayslipMaxTests --scan-folder /Users/sunil/Library/Developer/Xcode/DerivedData/PayslipMax-hjysiekmgzmtrogwzfdzyahpkkxl/Build/Products/Debug-iphonesimulator/PayslipMax.app/PlugIns/PayslipMaxTests.xctest/Frameworks --scan-folder /Users/sunil/Library/Developer/Xcode/DerivedData/PayslipMax-hjysiekmgzmtrogwzfdzyahpkkxl/Build/Products/Debug-iphonesimulator/PayslipMax.app/PlugIns/PayslipMaxTests.xctest/PlugIns --scan-folder /Users/sunil/Library/Developer/Xcode/DerivedData/PayslipMax-hjysiekmgzmtrogwzfdzyahpkkxl/Build/Products/Debug-iphonesimulator/PayslipMax.app/PlugIns/PayslipMaxTests.xctest/SystemExtensions --scan-folder /Users/sunil/Library/Developer/Xcode/DerivedData/PayslipMax-hjysiekmgzmtrogwzfdzyahpkkxl/Build/Products/Debug-iphonesimulator/PayslipMax.app/PlugIns/PayslipMaxTests.xctest/Extensions --scan-folder /Applications/Xcode.app/Contents/Developer/Platforms/iPhoneOS.platform/Developer/Library/Frameworks/XCTest.framework --platform iphonesimulator --toolchain /Applications/Xcode.app/Contents/Developer/Toolchains/XcodeDefault.xctoolchain --destination /Users/sunil/Library/Developer/Xcode/DerivedData/PayslipMax-hjysiekmgzmtrogwzfdzyahpkkxl/Build/Products/Debug-iphonesimulator/PayslipMax.app/PlugIns/PayslipMaxTests.xctest/Frameworks --strip-bitcode --scan-executable /Applications/Xcode.app/Contents/Developer/Platforms/iPhoneSimulator.platform/Developer/usr/lib/libXCTestSwiftSupport.dylib --strip-bitcode-tool /Applications/Xcode.app/Contents/Developer/Toolchains/XcodeDefault.xctoolchain/usr/bin/bitcode_strip --emit-dependency-info /Users/sunil/Library/Developer/Xcode/DerivedData/PayslipMax-hjysiekmgzmtrogwzfdzyahpkkxl/Build/Intermediates.noindex/PayslipMax.build/Debug-iphonesimulator/PayslipMaxTests.build/SwiftStdLibToolInputDependencies.dep --filter-for-swift-os

ProcessInfoPlistFile /Users/sunil/Library/Developer/Xcode/DerivedData/PayslipMax-hjysiekmgzmtrogwzfdzyahpkkxl/Build/Products/Debug-iphonesimulator/PayslipMax.app/PlugIns/PayslipMaxTests.xctest/Info.plist /Users/sunil/Library/Developer/Xcode/DerivedData/PayslipMax-hjysiekmgzmtrogwzfdzyahpkkxl/Build/Intermediates.noindex/PayslipMax.build/Debug-iphonesimulator/PayslipMaxTests.build/empty-PayslipMaxTests.plist (in target 'PayslipMaxTests' from project 'PayslipMax')
    cd /Users/sunil/Downloads/PayslipMax
    builtin-infoPlistUtility /Users/sunil/Library/Developer/Xcode/DerivedData/PayslipMax-hjysiekmgzmtrogwzfdzyahpkkxl/Build/Intermediates.noindex/PayslipMax.build/Debug-iphonesimulator/PayslipMaxTests.build/empty-PayslipMaxTests.plist -producttype com.apple.product-type.bundle.unit-test -expandbuildsettings -format binary -platform iphonesimulator -o /Users/sunil/Library/Developer/Xcode/DerivedData/PayslipMax-hjysiekmgzmtrogwzfdzyahpkkxl/Build/Products/Debug-iphonesimulator/PayslipMax.app/PlugIns/PayslipMaxTests.xctest/Info.plist

ProcessInfoPlistFile /Users/sunil/Library/Developer/Xcode/DerivedData/PayslipMax-hjysiekmgzmtrogwzfdzyahpkkxl/Build/Products/Debug-iphonesimulator/PayslipMaxUITests-Runner.app/PlugIns/PayslipMaxUITests.xctest/Info.plist /Users/sunil/Library/Developer/Xcode/DerivedData/PayslipMax-hjysiekmgzmtrogwzfdzyahpkkxl/Build/Intermediates.noindex/PayslipMax.build/Debug-iphonesimulator/PayslipMaxUITests.build/empty-PayslipMaxUITests.plist (in target 'PayslipMaxUITests' from project 'PayslipMax')
    cd /Users/sunil/Downloads/PayslipMax
    builtin-infoPlistUtility /Users/sunil/Library/Developer/Xcode/DerivedData/PayslipMax-hjysiekmgzmtrogwzfdzyahpkkxl/Build/Intermediates.noindex/PayslipMax.build/Debug-iphonesimulator/PayslipMaxUITests.build/empty-PayslipMaxUITests.plist -producttype com.apple.product-type.bundle.ui-testing -expandbuildsettings -format binary -platform iphonesimulator -additionalcontentfile /Users/sunil/Library/Developer/Xcode/DerivedData/PayslipMax-hjysiekmgzmtrogwzfdzyahpkkxl/Build/Intermediates.noindex/PayslipMax.build/Debug-iphonesimulator/PayslipMaxUITests.build/ProductTypeInfoPlistAdditions.plist -o /Users/sunil/Library/Developer/Xcode/DerivedData/PayslipMax-hjysiekmgzmtrogwzfdzyahpkkxl/Build/Products/Debug-iphonesimulator/PayslipMaxUITests-Runner.app/PlugIns/PayslipMaxUITests.xctest/Info.plist

SwiftCompile normal arm64 Compiling\ ClearDataFlowTests.swift /Users/sunil/Downloads/PayslipMax/PayslipMaxUITests/ClearDataFlowTests.swift (in target 'PayslipMaxUITests' from project 'PayslipMax')

SwiftCompile normal arm64 /Users/sunil/Downloads/PayslipMax/PayslipMaxUITests/ClearDataFlowTests.swift (in target 'PayslipMaxUITests' from project 'PayslipMax')
    cd /Users/sunil/Downloads/PayslipMax
    

SwiftEmitModule normal arm64 Emitting\ module\ for\ PayslipMaxUITests (in target 'PayslipMaxUITests' from project 'PayslipMax')

EmitSwiftModule normal arm64 (in target 'PayslipMaxUITests' from project 'PayslipMax')
    cd /Users/sunil/Downloads/PayslipMax
    

SwiftDriverJobDiscovery normal arm64 Emitting module for PayslipMaxUITests (in target 'PayslipMaxUITests' from project 'PayslipMax')

SwiftDriver\ Compilation\ Requirements PayslipMaxUITests normal arm64 com.apple.xcode.tools.swift.compiler (in target 'PayslipMaxUITests' from project 'PayslipMax')
    cd /Users/sunil/Downloads/PayslipMax
    builtin-Swift-Compilation-Requirements -- /Applications/Xcode.app/Contents/Developer/Toolchains/XcodeDefault.xctoolchain/usr/bin/swiftc -module-name PayslipMaxUITests -Onone -enforce-exclusivity\=checked @/Users/sunil/Library/Developer/Xcode/DerivedData/PayslipMax-hjysiekmgzmtrogwzfdzyahpkkxl/Build/Intermediates.noindex/PayslipMax.build/Debug-iphonesimulator/PayslipMaxUITests.build/Objects-normal/arm64/PayslipMaxUITests.SwiftFileList -DDEBUG -module-alias Testing\=_Testing_Unavailable -plugin-path /Applications/Xcode.app/Contents/Developer/Toolchains/XcodeDefault.xctoolchain/usr/lib/swift/host/plugins/testing -enable-bare-slash-regex -enable-experimental-feature DebugDescriptionMacro -sdk /Applications/Xcode.app/Contents/Developer/Platforms/iPhoneSimulator.platform/Developer/SDKs/iPhoneSimulator26.1.sdk -target arm64-apple-ios18.2-simulator -g -module-cache-path /Users/sunil/Library/Developer/Xcode/DerivedData/ModuleCache.noindex -Xfrontend -serialize-debugging-options -profile-coverage-mapping -profile-generate -enable-testing -index-store-path /Users/sunil/Library/Developer/Xcode/DerivedData/PayslipMax-hjysiekmgzmtrogwzfdzyahpkkxl/Index.noindex/DataStore -Xcc -D_LIBCPP_HARDENING_MODE\=_LIBCPP_HARDENING_MODE_DEBUG -swift-version 5 -I /Users/sunil/Library/Developer/Xcode/DerivedData/PayslipMax-hjysiekmgzmtrogwzfdzyahpkkxl/Build/Products/Debug-iphonesimulator -Isystem /Applications/Xcode.app/Contents/Developer/Platforms/iPhoneSimulator.platform/Developer/usr/lib -F /Users/sunil/Library/Developer/Xcode/DerivedData/PayslipMax-hjysiekmgzmtrogwzfdzyahpkkxl/Build/Products/Debug-iphonesimulator -F /Applications/Xcode.app/Contents/Developer/Platforms/iPhoneSimulator.platform/Developer/Library/Frameworks -F /Applications/Xcode.app/Contents/Developer/Platforms/iPhoneSimulator.platform/Developer/SDKs/iPhoneSimulator26.1.sdk/Developer/Library/Frameworks -c -j10 -enable-batch-mode -incremental -Xcc -ivfsstatcache -Xcc /Users/sunil/Library/Developer/Xcode/DerivedData/SDKStatCaches.noindex/iphonesimulator26.1-23B77-90cf18a4295e390e64c810bc6bd7acbc.sdkstatcache -output-file-map /Users/sunil/Library/Developer/Xcode/DerivedData/PayslipMax-hjysiekmgzmtrogwzfdzyahpkkxl/Build/Intermediates.noindex/PayslipMax.build/Debug-iphonesimulator/PayslipMaxUITests.build/Objects-normal/arm64/PayslipMaxUITests-OutputFileMap.json -use-frontend-parseable-output -save-temps -no-color-diagnostics -explicit-module-build -module-cache-path /Users/sunil/Library/Developer/Xcode/DerivedData/PayslipMax-hjysiekmgzmtrogwzfdzyahpkkxl/Build/Intermediates.noindex/SwiftExplicitPrecompiledModules -clang-scanner-module-cache-path /Users/sunil/Library/Developer/Xcode/DerivedData/ModuleCache.noindex -sdk-module-cache-path /Users/sunil/Library/Developer/Xcode/DerivedData/ModuleCache.noindex -serialize-diagnostics -emit-dependencies -emit-module -emit-module-path /Users/sunil/Library/Developer/Xcode/DerivedData/PayslipMax-hjysiekmgzmtrogwzfdzyahpkkxl/Build/Intermediates.noindex/PayslipMax.build/Debug-iphonesimulator/PayslipMaxUITests.build/Objects-normal/arm64/PayslipMaxUITests.swiftmodule -validate-clang-modules-once -clang-build-session-file /Users/sunil/Library/Developer/Xcode/DerivedData/ModuleCache.noindex/Session.modulevalidation -Xcc -I/Users/sunil/Library/Developer/Xcode/DerivedData/PayslipMax-hjysiekmgzmtrogwzfdzyahpkkxl/Build/Intermediates.noindex/PayslipMax.build/Debug-iphonesimulator/PayslipMaxUITests.build/swift-overrides.hmap -emit-const-values -Xfrontend -const-gather-protocols-file -Xfrontend /Users/sunil/Library/Developer/Xcode/DerivedData/PayslipMax-hjysiekmgzmtrogwzfdzyahpkkxl/Build/Intermediates.noindex/PayslipMax.build/Debug-iphonesimulator/PayslipMaxUITests.build/Objects-normal/arm64/PayslipMaxUITests_const_extract_protocols.json -Xcc -iquote -Xcc /Users/sunil/Library/Developer/Xcode/DerivedData/PayslipMax-hjysiekmgzmtrogwzfdzyahpkkxl/Build/Intermediates.noindex/PayslipMax.build/Debug-iphonesimulator/PayslipMaxUITests.build/PayslipMaxUITests-generated-files.hmap -Xcc -I/Users/sunil/Library/Developer/Xcode/DerivedData/PayslipMax-hjysiekmgzmtrogwzfdzyahpkkxl/Build/Intermediates.noindex/PayslipMax.build/Debug-iphonesimulator/PayslipMaxUITests.build/PayslipMaxUITests-own-target-headers.hmap -Xcc -I/Users/sunil/Library/Developer/Xcode/DerivedData/PayslipMax-hjysiekmgzmtrogwzfdzyahpkkxl/Build/Intermediates.noindex/PayslipMax.build/Debug-iphonesimulator/PayslipMaxUITests.build/PayslipMaxUITests-all-target-headers.hmap -Xcc -iquote -Xcc /Users/sunil/Library/Developer/Xcode/DerivedData/PayslipMax-hjysiekmgzmtrogwzfdzyahpkkxl/Build/Intermediates.noindex/PayslipMax.build/Debug-iphonesimulator/PayslipMaxUITests.build/PayslipMaxUITests-project-headers.hmap -Xcc -I/Users/sunil/Library/Developer/Xcode/DerivedData/PayslipMax-hjysiekmgzmtrogwzfdzyahpkkxl/Build/Products/Debug-iphonesimulator/include -Xcc -I/Users/sunil/Library/Developer/Xcode/DerivedData/PayslipMax-hjysiekmgzmtrogwzfdzyahpkkxl/Build/Intermediates.noindex/PayslipMax.build/Debug-iphonesimulator/PayslipMaxUITests.build/DerivedSources-normal/arm64 -Xcc -I/Users/sunil/Library/Developer/Xcode/DerivedData/PayslipMax-hjysiekmgzmtrogwzfdzyahpkkxl/Build/Intermediates.noindex/PayslipMax.build/Debug-iphonesimulator/PayslipMaxUITests.build/DerivedSources/arm64 -Xcc -I/Users/sunil/Library/Developer/Xcode/DerivedData/PayslipMax-hjysiekmgzmtrogwzfdzyahpkkxl/Build/Intermediates.noindex/PayslipMax.build/Debug-iphonesimulator/PayslipMaxUITests.build/DerivedSources -Xcc -DDEBUG\=1 -emit-objc-header -emit-objc-header-path /Users/sunil/Library/Developer/Xcode/DerivedData/PayslipMax-hjysiekmgzmtrogwzfdzyahpkkxl/Build/Intermediates.noindex/PayslipMax.build/Debug-iphonesimulator/PayslipMaxUITests.build/Objects-normal/arm64/PayslipMaxUITests-Swift.h -working-directory /Users/sunil/Downloads/PayslipMax -experimental-emit-module-separately -disable-cmo

Copy /Users/sunil/Library/Developer/Xcode/DerivedData/PayslipMax-hjysiekmgzmtrogwzfdzyahpkkxl/Build/Products/Debug-iphonesimulator/PayslipMaxUITests.swiftmodule/Project/arm64-apple-ios-simulator.swiftsourceinfo /Users/sunil/Library/Developer/Xcode/DerivedData/PayslipMax-hjysiekmgzmtrogwzfdzyahpkkxl/Build/Intermediates.noindex/PayslipMax.build/Debug-iphonesimulator/PayslipMaxUITests.build/Objects-normal/arm64/PayslipMaxUITests.swiftsourceinfo (in target 'PayslipMaxUITests' from project 'PayslipMax')
    cd /Users/sunil/Downloads/PayslipMax
    builtin-copy -exclude .DS_Store -exclude CVS -exclude .svn -exclude .git -exclude .hg -resolve-src-symlinks -rename /Users/sunil/Library/Developer/Xcode/DerivedData/PayslipMax-hjysiekmgzmtrogwzfdzyahpkkxl/Build/Intermediates.noindex/PayslipMax.build/Debug-iphonesimulator/PayslipMaxUITests.build/Objects-normal/arm64/PayslipMaxUITests.swiftsourceinfo /Users/sunil/Library/Developer/Xcode/DerivedData/PayslipMax-hjysiekmgzmtrogwzfdzyahpkkxl/Build/Products/Debug-iphonesimulator/PayslipMaxUITests.swiftmodule/Project/arm64-apple-ios-simulator.swiftsourceinfo

Copy /Users/sunil/Library/Developer/Xcode/DerivedData/PayslipMax-hjysiekmgzmtrogwzfdzyahpkkxl/Build/Products/Debug-iphonesimulator/PayslipMaxUITests.swiftmodule/arm64-apple-ios-simulator.abi.json /Users/sunil/Library/Developer/Xcode/DerivedData/PayslipMax-hjysiekmgzmtrogwzfdzyahpkkxl/Build/Intermediates.noindex/PayslipMax.build/Debug-iphonesimulator/PayslipMaxUITests.build/Objects-normal/arm64/PayslipMaxUITests.abi.json (in target 'PayslipMaxUITests' from project 'PayslipMax')
    cd /Users/sunil/Downloads/PayslipMax
    builtin-copy -exclude .DS_Store -exclude CVS -exclude .svn -exclude .git -exclude .hg -resolve-src-symlinks -rename /Users/sunil/Library/Developer/Xcode/DerivedData/PayslipMax-hjysiekmgzmtrogwzfdzyahpkkxl/Build/Intermediates.noindex/PayslipMax.build/Debug-iphonesimulator/PayslipMaxUITests.build/Objects-normal/arm64/PayslipMaxUITests.abi.json /Users/sunil/Library/Developer/Xcode/DerivedData/PayslipMax-hjysiekmgzmtrogwzfdzyahpkkxl/Build/Products/Debug-iphonesimulator/PayslipMaxUITests.swiftmodule/arm64-apple-ios-simulator.abi.json

SwiftDriverJobDiscovery normal arm64 Compiling ClearDataFlowTests.swift (in target 'PayslipMaxUITests' from project 'PayslipMax')

SwiftDriver\ Compilation PayslipMaxUITests normal arm64 com.apple.xcode.tools.swift.compiler (in target 'PayslipMaxUITests' from project 'PayslipMax')
    cd /Users/sunil/Downloads/PayslipMax
    builtin-Swift-Compilation -- /Applications/Xcode.app/Contents/Developer/Toolchains/XcodeDefault.xctoolchain/usr/bin/swiftc -module-name PayslipMaxUITests -Onone -enforce-exclusivity\=checked @/Users/sunil/Library/Developer/Xcode/DerivedData/PayslipMax-hjysiekmgzmtrogwzfdzyahpkkxl/Build/Intermediates.noindex/PayslipMax.build/Debug-iphonesimulator/PayslipMaxUITests.build/Objects-normal/arm64/PayslipMaxUITests.SwiftFileList -DDEBUG -module-alias Testing\=_Testing_Unavailable -plugin-path /Applications/Xcode.app/Contents/Developer/Toolchains/XcodeDefault.xctoolchain/usr/lib/swift/host/plugins/testing -enable-bare-slash-regex -enable-experimental-feature DebugDescriptionMacro -sdk /Applications/Xcode.app/Contents/Developer/Platforms/iPhoneSimulator.platform/Developer/SDKs/iPhoneSimulator26.1.sdk -target arm64-apple-ios18.2-simulator -g -module-cache-path /Users/sunil/Library/Developer/Xcode/DerivedData/ModuleCache.noindex -Xfrontend -serialize-debugging-options -profile-coverage-mapping -profile-generate -enable-testing -index-store-path /Users/sunil/Library/Developer/Xcode/DerivedData/PayslipMax-hjysiekmgzmtrogwzfdzyahpkkxl/Index.noindex/DataStore -Xcc -D_LIBCPP_HARDENING_MODE\=_LIBCPP_HARDENING_MODE_DEBUG -swift-version 5 -I /Users/sunil/Library/Developer/Xcode/DerivedData/PayslipMax-hjysiekmgzmtrogwzfdzyahpkkxl/Build/Products/Debug-iphonesimulator -Isystem /Applications/Xcode.app/Contents/Developer/Platforms/iPhoneSimulator.platform/Developer/usr/lib -F /Users/sunil/Library/Developer/Xcode/DerivedData/PayslipMax-hjysiekmgzmtrogwzfdzyahpkkxl/Build/Products/Debug-iphonesimulator -F /Applications/Xcode.app/Contents/Developer/Platforms/iPhoneSimulator.platform/Developer/Library/Frameworks -F /Applications/Xcode.app/Contents/Developer/Platforms/iPhoneSimulator.platform/Developer/SDKs/iPhoneSimulator26.1.sdk/Developer/Library/Frameworks -c -j10 -enable-batch-mode -incremental -Xcc -ivfsstatcache -Xcc /Users/sunil/Library/Developer/Xcode/DerivedData/SDKStatCaches.noindex/iphonesimulator26.1-23B77-90cf18a4295e390e64c810bc6bd7acbc.sdkstatcache -output-file-map /Users/sunil/Library/Developer/Xcode/DerivedData/PayslipMax-hjysiekmgzmtrogwzfdzyahpkkxl/Build/Intermediates.noindex/PayslipMax.build/Debug-iphonesimulator/PayslipMaxUITests.build/Objects-normal/arm64/PayslipMaxUITests-OutputFileMap.json -use-frontend-parseable-output -save-temps -no-color-diagnostics -explicit-module-build -module-cache-path /Users/sunil/Library/Developer/Xcode/DerivedData/PayslipMax-hjysiekmgzmtrogwzfdzyahpkkxl/Build/Intermediates.noindex/SwiftExplicitPrecompiledModules -clang-scanner-module-cache-path /Users/sunil/Library/Developer/Xcode/DerivedData/ModuleCache.noindex -sdk-module-cache-path /Users/sunil/Library/Developer/Xcode/DerivedData/ModuleCache.noindex -serialize-diagnostics -emit-dependencies -emit-module -emit-module-path /Users/sunil/Library/Developer/Xcode/DerivedData/PayslipMax-hjysiekmgzmtrogwzfdzyahpkkxl/Build/Intermediates.noindex/PayslipMax.build/Debug-iphonesimulator/PayslipMaxUITests.build/Objects-normal/arm64/PayslipMaxUITests.swiftmodule -validate-clang-modules-once -clang-build-session-file /Users/sunil/Library/Developer/Xcode/DerivedData/ModuleCache.noindex/Session.modulevalidation -Xcc -I/Users/sunil/Library/Developer/Xcode/DerivedData/PayslipMax-hjysiekmgzmtrogwzfdzyahpkkxl/Build/Intermediates.noindex/PayslipMax.build/Debug-iphonesimulator/PayslipMaxUITests.build/swift-overrides.hmap -emit-const-values -Xfrontend -const-gather-protocols-file -Xfrontend /Users/sunil/Library/Developer/Xcode/DerivedData/PayslipMax-hjysiekmgzmtrogwzfdzyahpkkxl/Build/Intermediates.noindex/PayslipMax.build/Debug-iphonesimulator/PayslipMaxUITests.build/Objects-normal/arm64/PayslipMaxUITests_const_extract_protocols.json -Xcc -iquote -Xcc /Users/sunil/Library/Developer/Xcode/DerivedData/PayslipMax-hjysiekmgzmtrogwzfdzyahpkkxl/Build/Intermediates.noindex/PayslipMax.build/Debug-iphonesimulator/PayslipMaxUITests.build/PayslipMaxUITests-generated-files.hmap -Xcc -I/Users/sunil/Library/Developer/Xcode/DerivedData/PayslipMax-hjysiekmgzmtrogwzfdzyahpkkxl/Build/Intermediates.noindex/PayslipMax.build/Debug-iphonesimulator/PayslipMaxUITests.build/PayslipMaxUITests-own-target-headers.hmap -Xcc -I/Users/sunil/Library/Developer/Xcode/DerivedData/PayslipMax-hjysiekmgzmtrogwzfdzyahpkkxl/Build/Intermediates.noindex/PayslipMax.build/Debug-iphonesimulator/PayslipMaxUITests.build/PayslipMaxUITests-all-target-headers.hmap -Xcc -iquote -Xcc /Users/sunil/Library/Developer/Xcode/DerivedData/PayslipMax-hjysiekmgzmtrogwzfdzyahpkkxl/Build/Intermediates.noindex/PayslipMax.build/Debug-iphonesimulator/PayslipMaxUITests.build/PayslipMaxUITests-project-headers.hmap -Xcc -I/Users/sunil/Library/Developer/Xcode/DerivedData/PayslipMax-hjysiekmgzmtrogwzfdzyahpkkxl/Build/Products/Debug-iphonesimulator/include -Xcc -I/Users/sunil/Library/Developer/Xcode/DerivedData/PayslipMax-hjysiekmgzmtrogwzfdzyahpkkxl/Build/Intermediates.noindex/PayslipMax.build/Debug-iphonesimulator/PayslipMaxUITests.build/DerivedSources-normal/arm64 -Xcc -I/Users/sunil/Library/Developer/Xcode/DerivedData/PayslipMax-hjysiekmgzmtrogwzfdzyahpkkxl/Build/Intermediates.noindex/PayslipMax.build/Debug-iphonesimulator/PayslipMaxUITests.build/DerivedSources/arm64 -Xcc -I/Users/sunil/Library/Developer/Xcode/DerivedData/PayslipMax-hjysiekmgzmtrogwzfdzyahpkkxl/Build/Intermediates.noindex/PayslipMax.build/Debug-iphonesimulator/PayslipMaxUITests.build/DerivedSources -Xcc -DDEBUG\=1 -emit-objc-header -emit-objc-header-path /Users/sunil/Library/Developer/Xcode/DerivedData/PayslipMax-hjysiekmgzmtrogwzfdzyahpkkxl/Build/Intermediates.noindex/PayslipMax.build/Debug-iphonesimulator/PayslipMaxUITests.build/Objects-normal/arm64/PayslipMaxUITests-Swift.h -working-directory /Users/sunil/Downloads/PayslipMax -experimental-emit-module-separately -disable-cmo

Ld /Users/sunil/Library/Developer/Xcode/DerivedData/PayslipMax-hjysiekmgzmtrogwzfdzyahpkkxl/Build/Products/Debug-iphonesimulator/PayslipMaxUITests-Runner.app/PlugIns/PayslipMaxUITests.xctest/PayslipMaxUITests normal (in target 'PayslipMaxUITests' from project 'PayslipMax')
    cd /Users/sunil/Downloads/PayslipMax
    /Applications/Xcode.app/Contents/Developer/Toolchains/XcodeDefault.xctoolchain/usr/bin/clang -Xlinker -reproducible -target arm64-apple-ios18.2-simulator -bundle -isysroot /Applications/Xcode.app/Contents/Developer/Platforms/iPhoneSimulator.platform/Developer/SDKs/iPhoneSimulator26.1.sdk -O0 -L/Users/sunil/Library/Developer/Xcode/DerivedData/PayslipMax-hjysiekmgzmtrogwzfdzyahpkkxl/Build/Intermediates.noindex/EagerLinkingTBDs/Debug-iphonesimulator -L/Users/sunil/Library/Developer/Xcode/DerivedData/PayslipMax-hjysiekmgzmtrogwzfdzyahpkkxl/Build/Products/Debug-iphonesimulator -L/Applications/Xcode.app/Contents/Developer/Platforms/iPhoneSimulator.platform/Developer/usr/lib -F/Users/sunil/Library/Developer/Xcode/DerivedData/PayslipMax-hjysiekmgzmtrogwzfdzyahpkkxl/Build/Intermediates.noindex/EagerLinkingTBDs/Debug-iphonesimulator -F/Users/sunil/Library/Developer/Xcode/DerivedData/PayslipMax-hjysiekmgzmtrogwzfdzyahpkkxl/Build/Products/Debug-iphonesimulator -iframework /Applications/Xcode.app/Contents/Developer/Platforms/iPhoneSimulator.platform/Developer/Library/Frameworks -iframework /Applications/Xcode.app/Contents/Developer/Platforms/iPhoneSimulator.platform/Developer/SDKs/iPhoneSimulator26.1.sdk/Developer/Library/Frameworks -filelist /Users/sunil/Library/Developer/Xcode/DerivedData/PayslipMax-hjysiekmgzmtrogwzfdzyahpkkxl/Build/Intermediates.noindex/PayslipMax.build/Debug-iphonesimulator/PayslipMaxUITests.build/Objects-normal/arm64/PayslipMaxUITests.LinkFileList -Xlinker -rpath -Xlinker /usr/lib/swift -Xlinker -rpath -Xlinker @loader_path/Frameworks -dead_strip -Xlinker -object_path_lto -Xlinker /Users/sunil/Library/Developer/Xcode/DerivedData/PayslipMax-hjysiekmgzmtrogwzfdzyahpkkxl/Build/Intermediates.noindex/PayslipMax.build/Debug-iphonesimulator/PayslipMaxUITests.build/Objects-normal/arm64/PayslipMaxUITests_lto.o -rdynamic -Xlinker -no_deduplicate -Xlinker -objc_abi_version -Xlinker 2 -Xlinker -debug_variant -Xlinker -dependency_info -Xlinker /Users/sunil/Library/Developer/Xcode/DerivedData/PayslipMax-hjysiekmgzmtrogwzfdzyahpkkxl/Build/Intermediates.noindex/PayslipMax.build/Debug-iphonesimulator/PayslipMaxUITests.build/Objects-normal/arm64/PayslipMaxUITests_dependency_info.dat -fobjc-link-runtime -fprofile-instr-generate -L/Applications/Xcode.app/Contents/Developer/Toolchains/XcodeDefault.xctoolchain/usr/lib/swift/iphonesimulator -L/usr/lib/swift -Xlinker -add_ast_path -Xlinker /Users/sunil/Library/Developer/Xcode/DerivedData/PayslipMax-hjysiekmgzmtrogwzfdzyahpkkxl/Build/Intermediates.noindex/PayslipMax.build/Debug-iphonesimulator/PayslipMaxUITests.build/Objects-normal/arm64/PayslipMaxUITests.swiftmodule @/Users/sunil/Library/Developer/Xcode/DerivedData/PayslipMax-hjysiekmgzmtrogwzfdzyahpkkxl/Build/Intermediates.noindex/PayslipMax.build/Debug-iphonesimulator/PayslipMaxUITests.build/Objects-normal/arm64/PayslipMaxUITests-linker-args.resp -Xlinker -needed_framework -Xlinker XCTest -framework XCTest -Xlinker -needed-lXCTestSwiftSupport -lXCTestSwiftSupport -Xlinker -sectcreate -Xlinker __TEXT -Xlinker __entitlements -Xlinker /Users/sunil/Library/Developer/Xcode/DerivedData/PayslipMax-hjysiekmgzmtrogwzfdzyahpkkxl/Build/Intermediates.noindex/PayslipMax.build/Debug-iphonesimulator/PayslipMaxUITests.build/PayslipMaxUITests.xctest-Simulated.xcent -Xlinker -sectcreate -Xlinker __TEXT -Xlinker __ents_der -Xlinker /Users/sunil/Library/Developer/Xcode/DerivedData/PayslipMax-hjysiekmgzmtrogwzfdzyahpkkxl/Build/Intermediates.noindex/PayslipMax.build/Debug-iphonesimulator/PayslipMaxUITests.build/PayslipMaxUITests.xctest-Simulated.xcent.der -Xlinker -no_adhoc_codesign -o /Users/sunil/Library/Developer/Xcode/DerivedData/PayslipMax-hjysiekmgzmtrogwzfdzyahpkkxl/Build/Products/Debug-iphonesimulator/PayslipMaxUITests-Runner.app/PlugIns/PayslipMaxUITests.xctest/PayslipMaxUITests

CopySwiftLibs /Users/sunil/Library/Developer/Xcode/DerivedData/PayslipMax-hjysiekmgzmtrogwzfdzyahpkkxl/Build/Products/Debug-iphonesimulator/PayslipMaxUITests-Runner.app/PlugIns/PayslipMaxUITests.xctest (in target 'PayslipMaxUITests' from project 'PayslipMax')
    cd /Users/sunil/Downloads/PayslipMax
    builtin-swiftStdLibTool --copy --verbose --sign - --scan-executable /Users/sunil/Library/Developer/Xcode/DerivedData/PayslipMax-hjysiekmgzmtrogwzfdzyahpkkxl/Build/Products/Debug-iphonesimulator/PayslipMaxUITests-Runner.app/PlugIns/PayslipMaxUITests.xctest/PayslipMaxUITests --scan-folder /Users/sunil/Library/Developer/Xcode/DerivedData/PayslipMax-hjysiekmgzmtrogwzfdzyahpkkxl/Build/Products/Debug-iphonesimulator/PayslipMaxUITests-Runner.app/PlugIns/PayslipMaxUITests.xctest/Frameworks --scan-folder /Users/sunil/Library/Developer/Xcode/DerivedData/PayslipMax-hjysiekmgzmtrogwzfdzyahpkkxl/Build/Products/Debug-iphonesimulator/PayslipMaxUITests-Runner.app/PlugIns/PayslipMaxUITests.xctest/PlugIns --scan-folder /Users/sunil/Library/Developer/Xcode/DerivedData/PayslipMax-hjysiekmgzmtrogwzfdzyahpkkxl/Build/Products/Debug-iphonesimulator/PayslipMaxUITests-Runner.app/PlugIns/PayslipMaxUITests.xctest/SystemExtensions --scan-folder /Users/sunil/Library/Developer/Xcode/DerivedData/PayslipMax-hjysiekmgzmtrogwzfdzyahpkkxl/Build/Products/Debug-iphonesimulator/PayslipMaxUITests-Runner.app/PlugIns/PayslipMaxUITests.xctest/Extensions --platform iphonesimulator --toolchain /Applications/Xcode.app/Contents/Developer/Toolchains/XcodeDefault.xctoolchain --destination /Users/sunil/Library/Developer/Xcode/DerivedData/PayslipMax-hjysiekmgzmtrogwzfdzyahpkkxl/Build/Products/Debug-iphonesimulator/PayslipMaxUITests-Runner.app/PlugIns/PayslipMaxUITests.xctest/Frameworks --strip-bitcode --scan-executable /Applications/Xcode.app/Contents/Developer/Platforms/iPhoneSimulator.platform/Developer/usr/lib/libXCTestSwiftSupport.dylib --strip-bitcode-tool /Applications/Xcode.app/Contents/Developer/Toolchains/XcodeDefault.xctoolchain/usr/bin/bitcode_strip --emit-dependency-info /Users/sunil/Library/Developer/Xcode/DerivedData/PayslipMax-hjysiekmgzmtrogwzfdzyahpkkxl/Build/Intermediates.noindex/PayslipMax.build/Debug-iphonesimulator/PayslipMaxUITests.build/SwiftStdLibToolInputDependencies.dep --filter-for-swift-os

ExtractAppIntentsMetadata (in target 'PayslipMaxUITests' from project 'PayslipMax')
    cd /Users/sunil/Downloads/PayslipMax
    /Applications/Xcode.app/Contents/Developer/Toolchains/XcodeDefault.xctoolchain/usr/bin/appintentsmetadataprocessor --toolchain-dir /Applications/Xcode.app/Contents/Developer/Toolchains/XcodeDefault.xctoolchain --module-name PayslipMaxUITests --sdk-root /Applications/Xcode.app/Contents/Developer/Platforms/iPhoneSimulator.platform/Developer/SDKs/iPhoneSimulator26.1.sdk --xcode-version 17B100 --platform-family iOS --deployment-target 18.2 --bundle-identifier com.app.payslipmax.PayslipMaxUITests --output /Users/sunil/Library/Developer/Xcode/DerivedData/PayslipMax-hjysiekmgzmtrogwzfdzyahpkkxl/Build/Products/Debug-iphonesimulator/PayslipMaxUITests-Runner.app/PlugIns/PayslipMaxUITests.xctest --target-triple arm64-apple-ios18.2-simulator --binary-file /Users/sunil/Library/Developer/Xcode/DerivedData/PayslipMax-hjysiekmgzmtrogwzfdzyahpkkxl/Build/Products/Debug-iphonesimulator/PayslipMaxUITests-Runner.app/PlugIns/PayslipMaxUITests.xctest/PayslipMaxUITests --dependency-file /Users/sunil/Library/Developer/Xcode/DerivedData/PayslipMax-hjysiekmgzmtrogwzfdzyahpkkxl/Build/Intermediates.noindex/PayslipMax.build/Debug-iphonesimulator/PayslipMaxUITests.build/Objects-normal/arm64/PayslipMaxUITests_dependency_info.dat --stringsdata-file /Users/sunil/Library/Developer/Xcode/DerivedData/PayslipMax-hjysiekmgzmtrogwzfdzyahpkkxl/Build/Intermediates.noindex/PayslipMax.build/Debug-iphonesimulator/PayslipMaxUITests.build/Objects-normal/arm64/ExtractedAppShortcutsMetadata.stringsdata --source-file-list /Users/sunil/Library/Developer/Xcode/DerivedData/PayslipMax-hjysiekmgzmtrogwzfdzyahpkkxl/Build/Intermediates.noindex/PayslipMax.build/Debug-iphonesimulator/PayslipMaxUITests.build/Objects-normal/arm64/PayslipMaxUITests.SwiftFileList --metadata-file-list /Users/sunil/Library/Developer/Xcode/DerivedData/PayslipMax-hjysiekmgzmtrogwzfdzyahpkkxl/Build/Intermediates.noindex/PayslipMax.build/Debug-iphonesimulator/PayslipMaxUITests.build/PayslipMaxUITests.DependencyMetadataFileList --static-metadata-file-list /Users/sunil/Library/Developer/Xcode/DerivedData/PayslipMax-hjysiekmgzmtrogwzfdzyahpkkxl/Build/Intermediates.noindex/PayslipMax.build/Debug-iphonesimulator/PayslipMaxUITests.build/PayslipMaxUITests.DependencyStaticMetadataFileList --swift-const-vals-list /Users/sunil/Library/Developer/Xcode/DerivedData/PayslipMax-hjysiekmgzmtrogwzfdzyahpkkxl/Build/Intermediates.noindex/PayslipMax.build/Debug-iphonesimulator/PayslipMaxUITests.build/Objects-normal/arm64/PayslipMaxUITests.SwiftConstValuesFileList --compile-time-extraction --deployment-aware-processing --validate-assistant-intents --no-app-shortcuts-localization
2025-11-21 22:27:56.863 appintentsmetadataprocessor[42776:7731567] Starting appintentsmetadataprocessor export
2025-11-21 22:27:56.864 appintentsmetadataprocessor[42776:7731567] warning: Metadata extraction skipped. No AppIntents.framework dependency found.

CodeSign /Users/sunil/Library/Developer/Xcode/DerivedData/PayslipMax-hjysiekmgzmtrogwzfdzyahpkkxl/Build/Products/Debug-iphonesimulator/PayslipMaxUITests-Runner.app/PlugIns/PayslipMaxUITests.xctest (in target 'PayslipMaxUITests' from project 'PayslipMax')
    cd /Users/sunil/Downloads/PayslipMax
    
    Signing Identity:     "Sign to Run Locally"
    
    /usr/bin/codesign --force --sign - --timestamp\=none --generate-entitlement-der /Users/sunil/Library/Developer/Xcode/DerivedData/PayslipMax-hjysiekmgzmtrogwzfdzyahpkkxl/Build/Products/Debug-iphonesimulator/PayslipMaxUITests-Runner.app/PlugIns/PayslipMaxUITests.xctest

CodeSign /Users/sunil/Library/Developer/Xcode/DerivedData/PayslipMax-hjysiekmgzmtrogwzfdzyahpkkxl/Build/Products/Debug-iphonesimulator/PayslipMaxUITests-Runner.app (in target 'PayslipMaxUITests' from project 'PayslipMax')
    cd /Users/sunil/Downloads/PayslipMax
    
    Signing Identity:     "Sign to Run Locally"
    
    /usr/bin/codesign --force --sign - --timestamp\=none --generate-entitlement-der /Users/sunil/Library/Developer/Xcode/DerivedData/PayslipMax-hjysiekmgzmtrogwzfdzyahpkkxl/Build/Products/Debug-iphonesimulator/PayslipMaxUITests-Runner.app
/Users/sunil/Library/Developer/Xcode/DerivedData/PayslipMax-hjysiekmgzmtrogwzfdzyahpkkxl/Build/Products/Debug-iphonesimulator/PayslipMaxUITests-Runner.app: replacing existing signature

2025-11-21 22:27:59.131034+0530 PayslipMaxUITests-Runner[42795:7731832] [Default] Running tests...
    t =      nans Interface orientation changed to Portrait
Test Suite 'Selected tests' started at 2025-11-21 22:28:01.099.
Test Suite 'PayslipMaxUITests.xctest' started at 2025-11-21 22:28:01.099.
Test Suite 'ClearDataFlowTests' started at 2025-11-21 22:28:01.099.
Test Case '-[PayslipMaxUITests.ClearDataFlowTests testClearDataFlow_ErrorHandling_ShowsErrorMessage]' started.
    t =     0.00s Start Test at 2025-11-21 22:28:01.099
    t =     0.11s Set Up
    t =     0.12s     Open com.app.payslipmax.PayslipMax
    t =     0.12s         Launch com.app.payslipmax.PayslipMax
    t =     0.60s             Setting up automation session
    t =     1.63s             Wait for com.app.payslipmax.PayslipMax to idle
    t =     3.27s Waiting 5.0s for Button (Element at index 3) to exist
    t =     4.31s     Checking `Expect predicate `existsNoRetry == 1` for object Button (Element at index 3)`
    t =     4.31s         Checking existence of `Button (Element at index 3)`
    t =     4.41s Tap Button (Element at index 3)
    t =     4.41s     Wait for com.app.payslipmax.PayslipMax to idle
    t =     4.41s     Find the Button (Element at index 3)
    t =     4.43s     Check for interrupting elements affecting "Settings" Button
    t =     4.47s     Synthesize event
    t =     4.76s     Wait for com.app.payslipmax.PayslipMax to idle
    t =     4.81s Checking existence of `Button (Elements matching predicate 'label CONTAINS "Clear All Data"')`
    t =     4.87s Waiting 5.0s for Button (Elements matching predicate 'label CONTAINS "Clear All Data"') to exist
    t =     5.91s     Checking `Expect predicate `existsNoRetry == 1` for object Button (Elements matching predicate 'label CONTAINS "Clear All Data"')`
    t =     5.91s         Checking existence of `Button (Elements matching predicate 'label CONTAINS "Clear All Data"')`
    t =     5.97s Find the Button (Elements matching predicate 'label CONTAINS "Clear All Data"')
    t =     5.99s Tear Down
    t =     5.99s     Terminate com.app.payslipmax.PayslipMax:42802
Test Case '-[PayslipMaxUITests.ClearDataFlowTests testClearDataFlow_ErrorHandling_ShowsErrorMessage]' passed (7.070 seconds).
Test Case '-[PayslipMaxUITests.ClearDataFlowTests testClearDataFlow_HomeToSettingsToClear_EnsuresDataConsistency]' started.
    t =     0.00s Start Test at 2025-11-21 22:28:08.170
    t =     0.02s Set Up
    t =     0.02s     Open com.app.payslipmax.PayslipMax
    t =     0.02s         Launch com.app.payslipmax.PayslipMax
    t =     0.23s             Setting up automation session
    t =     0.95s             Wait for com.app.payslipmax.PayslipMax to idle
    t =     2.26s Waiting 5.0s for Button (Element at index 0) to exist
    t =     3.28s     Checking `Expect predicate `existsNoRetry == 1` for object Button (Element at index 0)`
    t =     3.28s         Checking existence of `Button (Element at index 0)`
    t =     3.35s Tap Button (Element at index 0)
    t =     3.35s     Wait for com.app.payslipmax.PayslipMax to idle
    t =     3.36s     Find the Button (Element at index 0)
    t =     3.38s     Check for interrupting elements affecting "Home" Button
    t =     3.40s     Synthesize event
    t =     3.69s     Wait for com.app.payslipmax.PayslipMax to idle
    t =     3.69s Waiting 5.0s for "home_view" Other to exist
    t =     4.71s     Checking `Expect predicate `existsNoRetry == 1` for object "home_view" Other`
    t =     4.71s         Checking existence of `"home_view" Other`
    t =     4.78s         Capturing element debug description
    t =     5.71s     Checking `Expect predicate `existsNoRetry == 1` for object "home_view" Other`
    t =     5.71s         Checking existence of `"home_view" Other`
    t =     5.76s         Capturing element debug description
    t =     6.69s     Checking `Expect predicate `existsNoRetry == 1` for object "home_view" Other`
    t =     6.69s         Checking existence of `"home_view" Other`
    t =     6.74s         Capturing element debug description
    t =     7.76s     Checking `Expect predicate `existsNoRetry == 1` for object "home_view" Other`
    t =     7.76s         Checking existence of `"home_view" Other`
    t =     7.82s         Capturing element debug description
    t =     8.69s     Checking `Expect predicate `existsNoRetry == 1` for object "home_view" Other`
    t =     8.69s         Checking existence of `"home_view" Other`
    t =     8.75s         Capturing element debug description
    t =     8.75s     Checking existence of `"home_view" Other`
    t =     8.78s Collecting debug information to assist test failure triage
    t =     8.78s     Requesting snapshot of accessibility hierarchy for app with pid 42820
/Users/sunil/Downloads/PayslipMax/PayslipMaxUITests/ClearDataFlowTests.swift:37: error: -[PayslipMaxUITests.ClearDataFlowTests testClearDataFlow_HomeToSettingsToClear_EnsuresDataConsistency] : XCTAssertTrue failed
    t =     8.94s Tear Down
    t =     8.94s     Terminate com.app.payslipmax.PayslipMax:42820
Test Case '-[PayslipMaxUITests.ClearDataFlowTests testClearDataFlow_HomeToSettingsToClear_EnsuresDataConsistency]' failed (9.995 seconds).
Test Case '-[PayslipMaxUITests.ClearDataFlowTests testClearDataFlow_WithExistingData_ShowsConfirmationDialog]' started.
    t =     0.00s Start Test at 2025-11-21 22:28:18.166
    t =     0.02s Set Up
    t =     0.02s     Open com.app.payslipmax.PayslipMax
    t =     0.02s         Launch com.app.payslipmax.PayslipMax
    t =     0.24s             Setting up automation session
    t =     0.95s             Wait for com.app.payslipmax.PayslipMax to idle
    t =     2.25s Waiting 5.0s for Button (Element at index 3) to exist
    t =     3.28s     Checking `Expect predicate `existsNoRetry == 1` for object Button (Element at index 3)`
    t =     3.28s         Checking existence of `Button (Element at index 3)`
    t =     3.36s Tap Button (Element at index 3)
    t =     3.36s     Wait for com.app.payslipmax.PayslipMax to idle
    t =     3.36s     Find the Button (Element at index 3)
    t =     3.38s     Check for interrupting elements affecting "Settings" Button
    t =     3.41s     Synthesize event
    t =     3.70s     Wait for com.app.payslipmax.PayslipMax to idle
    t =     3.70s Checking existence of `Button (Elements matching predicate 'label CONTAINS "Clear All Data"')`
    t =     3.75s Waiting 5.0s for Button (Elements matching predicate 'label CONTAINS "Clear All Data"') to exist
    t =     4.78s     Checking `Expect predicate `existsNoRetry == 1` for object Button (Elements matching predicate 'label CONTAINS "Clear All Data"')`
    t =     4.78s         Checking existence of `Button (Elements matching predicate 'label CONTAINS "Clear All Data"')`
    t =     4.84s Tap Button (Elements matching predicate 'label CONTAINS "Clear All Data"')
    t =     4.84s     Wait for com.app.payslipmax.PayslipMax to idle
    t =     4.84s     Find the Button (Elements matching predicate 'label CONTAINS "Clear All Data"')
    t =     4.87s     Check for interrupting elements affecting "Clear All Data, Remove all payslips & relevant data" Button
    t =     4.90s     Synthesize event
    t =     4.90s         Scroll element to visible
    t =     4.91s         Find the "Clear All Data, Remove all payslips & relevant data" Button
    t =     4.94s         Computed hit point {196.16667175292969, 574.50003051757812} after scrolling to visible
    t =     5.22s     Wait for com.app.payslipmax.PayslipMax to idle
    t =     5.57s Waiting 5.0s for "Clear All Data" Alert to exist
    t =     6.61s     Checking `Expect predicate `existsNoRetry == 1` for object "Clear All Data" Alert`
    t =     6.61s         Checking existence of `"Clear All Data" Alert`
    t =     6.68s         Capturing element debug description
    t =     7.61s     Checking `Expect predicate `existsNoRetry == 1` for object "Clear All Data" Alert`
    t =     7.61s         Checking existence of `"Clear All Data" Alert`
    t =     7.67s         Capturing element debug description
    t =     8.60s     Checking `Expect predicate `existsNoRetry == 1` for object "Clear All Data" Alert`
    t =     8.60s         Checking existence of `"Clear All Data" Alert`
    t =     8.66s         Capturing element debug description
    t =     9.59s     Checking `Expect predicate `existsNoRetry == 1` for object "Clear All Data" Alert`
    t =     9.59s         Checking existence of `"Clear All Data" Alert`
    t =     9.66s         Capturing element debug description
    t =    10.58s     Checking `Expect predicate `existsNoRetry == 1` for object "Clear All Data" Alert`
    t =    10.58s         Checking existence of `"Clear All Data" Alert`
    t =    10.62s         Capturing element debug description
    t =    10.62s     Checking existence of `"Clear All Data" Alert`
    t =    10.66s Collecting debug information to assist test failure triage
    t =    10.66s     Requesting snapshot of accessibility hierarchy for app with pid 42849
/Users/sunil/Downloads/PayslipMax/PayslipMaxUITests/ClearDataFlowTests.swift:137: error: -[PayslipMaxUITests.ClearDataFlowTests testClearDataFlow_WithExistingData_ShowsConfirmationDialog] : XCTAssertTrue failed
    t =    10.71s Tear Down
    t =    10.71s     Terminate com.app.payslipmax.PayslipMax:42849
Test Case '-[PayslipMaxUITests.ClearDataFlowTests testClearDataFlow_WithExistingData_ShowsConfirmationDialog]' failed (11.829 seconds).
Test Suite 'ClearDataFlowTests' failed at 2025-11-21 22:28:29.995.
	 Executed 3 tests, with 2 failures (0 unexpected) in 28.893 (28.896) seconds
Test Suite 'PayslipMaxUITests.xctest' failed at 2025-11-21 22:28:29.995.
	 Executed 3 tests, with 2 failures (0 unexpected) in 28.893 (28.897) seconds
Test Suite 'Selected tests' failed at 2025-11-21 22:28:29.996.
	 Executed 3 tests, with 2 failures (0 unexpected) in 28.893 (28.898) seconds
2025-11-21 22:28:39.382 xcodebuild[42747:7731291] [MT] IDETestOperationsObserverDebug: 42.425 elapsed -- Testing started completed.
2025-11-21 22:28:39.383 xcodebuild[42747:7731291] [MT] IDETestOperationsObserverDebug: 0.000 sec, +0.000 sec -- start
2025-11-21 22:28:39.383 xcodebuild[42747:7731291] [MT] IDETestOperationsObserverDebug: 42.425 sec, +42.425 sec -- end

Test session results, code coverage, and logs:
	/Users/sunil/Library/Developer/Xcode/DerivedData/PayslipMax-hjysiekmgzmtrogwzfdzyahpkkxl/Logs/Test/Test-PayslipMax-2025.11.21_22-27-53-+0530.xcresult

** TEST FAILED **

Testing started
